2023-05-17T12:01:19.921+05:30  INFO 20652 --- [restartedMain] b.c.PropertySourceBootstrapConfiguration : Located property source: [BootstrapPropertySource {name='bootstrapProperties-config/application,local/'}, BootstrapPropertySource {name='bootstrapProperties-config/application/'}]
2023-05-17T12:01:19.932+05:30  INFO 20652 --- [restartedMain] c.c.c.ConfigServicePropertySourceLocator : Fetching config from server at : http://localhost:8888
2023-05-17T12:01:19.954+05:30  INFO 20652 --- [restartedMain] c.c.c.ConfigServicePropertySourceLocator : Connect Timeout Exception on Url - http://localhost:8888. Will try the next url if available
2023-05-17T12:01:19.955+05:30  WARN 20652 --- [restartedMain] c.c.c.ConfigServicePropertySourceLocator : Could not locate PropertySource: I/O error on GET request for "http://localhost:8888/g1-health-records-service/default": Connection refused: no further information
2023-05-17T12:01:19.970+05:30  INFO 20652 --- [restartedMain] c.r.G1HealthRecordsServiceApplication    : The following 1 profile is active: "local"
2023-05-17T12:01:19.981+05:30  INFO 20652 --- [restartedMain] o.s.c.c.c.ConfigServerConfigDataLoader   : Fetching config from server at : http://localhost:9011
2023-05-17T12:01:19.981+05:30  INFO 20652 --- [restartedMain] o.s.c.c.c.ConfigServerConfigDataLoader   : Connect Timeout Exception on Url - http://localhost:9011. Will try the next url if available
2023-05-17T12:01:19.981+05:30  WARN 20652 --- [restartedMain] o.s.c.c.c.ConfigServerConfigDataLoader   : Could not locate PropertySource ([ConfigServerConfigDataResource@35a235a6 uris = array<String>['http://localhost:9011'], optional = true, profiles = list['local']]): I/O error on GET request for "http://localhost:9011/g1-health-records-service/local": Connection refused: no further information
2023-05-17T12:01:19.981+05:30  INFO 20652 --- [restartedMain] o.s.c.c.c.ConfigServerConfigDataLoader   : Fetching config from server at : http://localhost:9011
2023-05-17T12:01:19.981+05:30  INFO 20652 --- [restartedMain] o.s.c.c.c.ConfigServerConfigDataLoader   : Connect Timeout Exception on Url - http://localhost:9011. Will try the next url if available
2023-05-17T12:01:19.981+05:30  WARN 20652 --- [restartedMain] o.s.c.c.c.ConfigServerConfigDataLoader   : Could not locate PropertySource ([ConfigServerConfigDataResource@6bf35c94 uris = array<String>['http://localhost:9011'], optional = true, profiles = list['local']]): I/O error on GET request for "http://localhost:9011/g1-health-records-service/local": Connection refused: no further information
2023-05-17T12:01:21.504+05:30  INFO 20652 --- [restartedMain] .s.d.r.c.RepositoryConfigurationDelegate : Bootstrapping Spring Data JPA repositories in DEFAULT mode.
2023-05-17T12:01:21.724+05:30  INFO 20652 --- [restartedMain] .s.d.r.c.RepositoryConfigurationDelegate : Finished Spring Data repository scanning in 202 ms. Found 4 JPA repository interfaces.
2023-05-17T12:01:22.056+05:30  INFO 20652 --- [restartedMain] o.s.cloud.context.scope.GenericScope     : BeanFactory id=a7669e13-3004-31ea-b907-c25960d2c210
2023-05-17T12:01:23.060+05:30  INFO 20652 --- [restartedMain] o.s.b.w.embedded.tomcat.TomcatWebServer  : Tomcat initialized with port(s): 9007 (http)
2023-05-17T12:01:23.077+05:30  INFO 20652 --- [restartedMain] o.apache.catalina.core.StandardService   : Starting service [Tomcat]
2023-05-17T12:01:23.077+05:30  INFO 20652 --- [restartedMain] o.apache.catalina.core.StandardEngine    : Starting Servlet engine: [Apache Tomcat/10.1.7]
2023-05-17T12:01:23.234+05:30  INFO 20652 --- [restartedMain] o.a.c.c.C.[Tomcat].[localhost].[/]       : Initializing Spring embedded WebApplicationContext
2023-05-17T12:01:23.235+05:30  INFO 20652 --- [restartedMain] w.s.c.ServletWebServerApplicationContext : Root WebApplicationContext: initialization completed in 3252 ms
2023-05-17T12:01:24.162+05:30  INFO 20652 --- [restartedMain] com.zaxxer.hikari.HikariDataSource       : HikariPool-1 - Starting...
2023-05-17T12:01:24.450+05:30  INFO 20652 --- [restartedMain] com.zaxxer.hikari.pool.HikariPool        : HikariPool-1 - Added connection com.mysql.cj.jdbc.ConnectionImpl@26850d50
2023-05-17T12:01:24.452+05:30  INFO 20652 --- [restartedMain] com.zaxxer.hikari.HikariDataSource       : HikariPool-1 - Start completed.
2023-05-17T12:01:24.539+05:30  INFO 20652 --- [restartedMain] SQL dialect                              : HHH000400: Using dialect: org.hibernate.dialect.MySQLDialect
2023-05-17T12:01:25.938+05:30  INFO 20652 --- [restartedMain] j.LocalContainerEntityManagerFactoryBean : Initialized JPA EntityManagerFactory for persistence unit 'default'
2023-05-17T12:01:26.931+05:30  WARN 20652 --- [restartedMain] JpaBaseConfiguration$JpaWebConfiguration : spring.jpa.open-in-view is enabled by default. Therefore, database queries may be performed during view rendering. Explicitly configure spring.jpa.open-in-view to disable this warning
2023-05-17T12:01:28.928+05:30  WARN 20652 --- [restartedMain] o.s.b.d.a.OptionalLiveReloadServer       : Unable to start LiveReload server
2023-05-17T12:01:29.108+05:30  WARN 20652 --- [restartedMain] iguration$LoadBalancerCaffeineWarnLogger : Spring Cloud LoadBalancer is currently working with the default cache. While this cache implementation is useful for development and tests, it's recommended to use Caffeine cache in production.You can switch to using Caffeine cache, by adding it and org.springframework.cache.caffeine.CaffeineCacheManager to the classpath.
2023-05-17T12:01:29.118+05:30  INFO 20652 --- [restartedMain] o.s.b.a.e.web.EndpointLinksResolver      : Exposing 19 endpoint(s) beneath base path '/actuator'
2023-05-17T12:01:29.232+05:30  INFO 20652 --- [restartedMain] o.s.b.w.embedded.tomcat.TomcatWebServer  : Tomcat started on port(s): 9007 (http) with context path ''
2023-05-17T12:01:29.235+05:30  INFO 20652 --- [restartedMain] o.s.c.c.s.ConsulServiceRegistry          : Registering service with consul: NewService{id='g1-health-records-service-9007', name='g1-health-records-service', tags=[], address='White-Wolf', meta={secure=false}, port=9007, enableTagOverride=null, check=Check{script='null', dockerContainerID='null', shell='null', interval='12s', ttl='null', http='http://White-Wolf:9007/actuator/health', method='null', header={}, tcp='null', timeout='null', deregisterCriticalServiceAfter='null', tlsSkipVerify=null, status='null', grpc='null', grpcUseTLS=null}, checks=null}
2023-05-17T12:01:29.331+05:30  INFO 20652 --- [restartedMain] c.r.G1HealthRecordsServiceApplication    : Started G1HealthRecordsServiceApplication in 11.071 seconds (process running for 11.683)
2023-05-17T12:01:39.399+05:30  INFO 20652 --- [http-nio-9007-exec-1] o.a.c.c.C.[Tomcat].[localhost].[/]       : Initializing Spring DispatcherServlet 'dispatcherServlet'
2023-05-17T12:01:39.399+05:30  INFO 20652 --- [http-nio-9007-exec-1] o.s.web.servlet.DispatcherServlet        : Initializing Servlet 'dispatcherServlet'
2023-05-17T12:01:39.401+05:30  INFO 20652 --- [http-nio-9007-exec-1] o.s.web.servlet.DispatcherServlet        : Completed initialization in 2 ms
