2023-05-17T12:04:12.115+05:30  INFO 24604 --- [restartedMain] c.r.G1PatientInfoServiceApplication      : Starting G1PatientInfoServiceApplication using Java 17.0.6 with PID 24604 (C:\Users\Akshay Pramod Kadam\Desktop\pms-microservices\final-pms-microservices\g1-patientInfo-service\target\classes started by Akshay Pramod Kadam in C:\Users\Akshay Pramod Kadam\Desktop\pms-microservices\final-pms-microservices\g1-patientInfo-service)
2023-05-17T12:04:12.126+05:30  INFO 24604 --- [restartedMain] c.r.G1PatientInfoServiceApplication      : The following 1 profile is active: "local"
2023-05-17T12:04:12.176+05:30  INFO 24604 --- [restartedMain] o.s.c.c.c.ConfigServerConfigDataLoader   : Fetching config from server at : http://localhost:9000
2023-05-17T12:04:12.177+05:30  INFO 24604 --- [restartedMain] o.s.c.c.c.ConfigServerConfigDataLoader   : Connect Timeout Exception on Url - http://localhost:9000. Will try the next url if available
2023-05-17T12:04:12.177+05:30  WARN 24604 --- [restartedMain] o.s.c.c.c.ConfigServerConfigDataLoader   : Could not locate PropertySource ([ConfigServerConfigDataResource@1160f7a3 uris = array<String>['http://localhost:9000'], optional = true, profiles = list['local']]): I/O error on GET request for "http://localhost:9000/g1-patient-info/local": Connection refused: no further information
2023-05-17T12:04:12.180+05:30  INFO 24604 --- [restartedMain] .e.DevToolsPropertyDefaultsPostProcessor : For additional web related logging consider setting the 'logging.level.web' property to 'DEBUG'
2023-05-17T12:04:13.367+05:30  INFO 24604 --- [restartedMain] .s.d.r.c.RepositoryConfigurationDelegate : Bootstrapping Spring Data JPA repositories in DEFAULT mode.
2023-05-17T12:04:13.524+05:30  INFO 24604 --- [restartedMain] .s.d.r.c.RepositoryConfigurationDelegate : Finished Spring Data repository scanning in 144 ms. Found 1 JPA repository interfaces.
2023-05-17T12:04:13.816+05:30  INFO 24604 --- [restartedMain] o.s.cloud.context.scope.GenericScope     : BeanFactory id=c6dedfc5-d3f5-316c-a9fd-3b3c0c40aca5
2023-05-17T12:04:14.483+05:30  INFO 24604 --- [restartedMain] o.s.b.w.embedded.tomcat.TomcatWebServer  : Tomcat initialized with port(s): 9006 (http)
2023-05-17T12:04:14.497+05:30  INFO 24604 --- [restartedMain] o.apache.catalina.core.StandardService   : Starting service [Tomcat]
2023-05-17T12:04:14.498+05:30  INFO 24604 --- [restartedMain] o.apache.catalina.core.StandardEngine    : Starting Servlet engine: [Apache Tomcat/10.1.5]
2023-05-17T12:04:14.629+05:30  INFO 24604 --- [restartedMain] o.a.c.c.C.[Tomcat].[localhost].[/]       : Initializing Spring embedded WebApplicationContext
2023-05-17T12:04:14.630+05:30  INFO 24604 --- [restartedMain] w.s.c.ServletWebServerApplicationContext : Root WebApplicationContext: initialization completed in 2449 ms
2023-05-17T12:04:15.456+05:30  INFO 24604 --- [restartedMain] com.zaxxer.hikari.HikariDataSource       : HikariPool-1 - Starting...
2023-05-17T12:04:15.837+05:30  INFO 24604 --- [restartedMain] com.zaxxer.hikari.pool.HikariPool        : HikariPool-1 - Added connection com.mysql.cj.jdbc.ConnectionImpl@6ea1fc71
2023-05-17T12:04:15.842+05:30  INFO 24604 --- [restartedMain] com.zaxxer.hikari.HikariDataSource       : HikariPool-1 - Start completed.
2023-05-17T12:04:15.931+05:30  INFO 24604 --- [restartedMain] SQL dialect                              : HHH000400: Using dialect: org.hibernate.dialect.MySQLDialect
2023-05-17T12:04:16.925+05:30  INFO 24604 --- [restartedMain] j.LocalContainerEntityManagerFactoryBean : Initialized JPA EntityManagerFactory for persistence unit 'default'
2023-05-17T12:04:17.560+05:30  WARN 24604 --- [restartedMain] JpaBaseConfiguration$JpaWebConfiguration : spring.jpa.open-in-view is enabled by default. Therefore, database queries may be performed during view rendering. Explicitly configure spring.jpa.open-in-view to disable this warning
2023-05-17T12:04:19.224+05:30  WARN 24604 --- [restartedMain] o.s.b.d.a.OptionalLiveReloadServer       : Unable to start LiveReload server
2023-05-17T12:04:19.420+05:30  WARN 24604 --- [restartedMain] iguration$LoadBalancerCaffeineWarnLogger : Spring Cloud LoadBalancer is currently working with the default cache. While this cache implementation is useful for development and tests, it's recommended to use Caffeine cache in production.You can switch to using Caffeine cache, by adding it and org.springframework.cache.caffeine.CaffeineCacheManager to the classpath.
2023-05-17T12:04:19.428+05:30  INFO 24604 --- [restartedMain] o.s.b.a.e.web.EndpointLinksResolver      : Exposing 19 endpoint(s) beneath base path '/actuator'
2023-05-17T12:04:19.553+05:30  INFO 24604 --- [restartedMain] o.s.b.w.embedded.tomcat.TomcatWebServer  : Tomcat started on port(s): 9006 (http) with context path ''
2023-05-17T12:04:19.556+05:30  INFO 24604 --- [restartedMain] o.s.c.c.s.ConsulServiceRegistry          : Registering service with consul: NewService{id='g1-patient-info-9006', name='g1-patient-info', tags=[], address='White-Wolf', meta={secure=false}, port=9006, enableTagOverride=null, check=Check{script='null', dockerContainerID='null', shell='null', interval='12s', ttl='null', http='http://White-Wolf:9006/actuator/health', method='null', header={}, tcp='null', timeout='null', deregisterCriticalServiceAfter='null', tlsSkipVerify=null, status='null', grpc='null', grpcUseTLS=null}, checks=null}
2023-05-17T12:04:19.662+05:30  INFO 24604 --- [restartedMain] c.r.G1PatientInfoServiceApplication      : Started G1PatientInfoServiceApplication in 8.58 seconds (process running for 9.332)
2023-05-17T12:04:30.823+05:30  INFO 24604 --- [http-nio-9006-exec-1] o.a.c.c.C.[Tomcat].[localhost].[/]       : Initializing Spring DispatcherServlet 'dispatcherServlet'
2023-05-17T12:04:30.824+05:30  INFO 24604 --- [http-nio-9006-exec-1] o.s.web.servlet.DispatcherServlet        : Initializing Servlet 'dispatcherServlet'
2023-05-17T12:04:30.831+05:30  INFO 24604 --- [http-nio-9006-exec-1] o.s.web.servlet.DispatcherServlet        : Completed initialization in 3 ms
2023-05-17T12:23:15.213+05:30  INFO 24604 --- [http-nio-9006-exec-5] com.revature.loggers.Logging             : method invokeclass com.revature.controller.PatientInfoController:getPatients()Arguments : []
2023-05-17T12:23:15.247+05:30  INFO 24604 --- [http-nio-9006-exec-5] com.revature.loggers.Logging             : method invokeclass com.revature.serviceImpl.PatientInfoServiceImpl:getAllPatients()Arguments : []
2023-05-17T12:23:17.302+05:30  INFO 24604 --- [http-nio-9006-exec-5] com.revature.loggers.Logging             : class com.revature.serviceImpl.PatientInfoServiceImpl:getAllPatients()Response : []
2023-05-17T12:23:17.390+05:30  INFO 24604 --- [http-nio-9006-exec-5] com.revature.loggers.Logging             : class com.revature.controller.PatientInfoController:getPatients()Response : {"headers":{},"body":"no data present","statusCode":"BAD_REQUEST","statusCodeValue":400}
2023-05-17T12:25:37.564+05:30  INFO 24604 --- [http-nio-9006-exec-9] com.revature.loggers.Logging             : method invokeclass com.revature.controller.PatientInfoController:getPatients()Arguments : []
2023-05-17T12:25:37.566+05:30  INFO 24604 --- [http-nio-9006-exec-9] com.revature.loggers.Logging             : method invokeclass com.revature.serviceImpl.PatientInfoServiceImpl:getAllPatients()Arguments : []
2023-05-17T12:25:37.586+05:30  INFO 24604 --- [http-nio-9006-exec-9] com.revature.loggers.Logging             : class com.revature.serviceImpl.PatientInfoServiceImpl:getAllPatients()Response : []
2023-05-17T12:25:37.596+05:30  INFO 24604 --- [http-nio-9006-exec-9] com.revature.loggers.Logging             : class com.revature.controller.PatientInfoController:getPatients()Response : {"headers":{},"body":"no data present","statusCode":"BAD_REQUEST","statusCodeValue":400}
2023-05-17T12:34:53.071+05:30  INFO 24604 --- [http-nio-9006-exec-6] com.revature.loggers.Logging             : method invokeclass com.revature.controller.PatientInfoController:getPatients()Arguments : []
2023-05-17T12:34:53.112+05:30  INFO 24604 --- [http-nio-9006-exec-6] com.revature.loggers.Logging             : method invokeclass com.revature.serviceImpl.PatientInfoServiceImpl:getAllPatients()Arguments : []
2023-05-17T12:34:53.256+05:30  INFO 24604 --- [http-nio-9006-exec-6] com.revature.loggers.Logging             : class com.revature.serviceImpl.PatientInfoServiceImpl:getAllPatients()Response : []
2023-05-17T12:34:53.346+05:30  INFO 24604 --- [http-nio-9006-exec-6] com.revature.loggers.Logging             : class com.revature.controller.PatientInfoController:getPatients()Response : {"headers":{},"body":"no data present","statusCode":"BAD_REQUEST","statusCodeValue":400}
2023-05-17T12:38:06.172+05:30  INFO 24604 --- [http-nio-9006-exec-2] com.revature.loggers.Logging             : method invokeclass com.revature.controller.PatientInfoController:getPatients()Arguments : []
2023-05-17T12:38:06.195+05:30  INFO 24604 --- [http-nio-9006-exec-2] com.revature.loggers.Logging             : method invokeclass com.revature.serviceImpl.PatientInfoServiceImpl:getAllPatients()Arguments : []
2023-05-17T12:38:06.353+05:30  INFO 24604 --- [http-nio-9006-exec-2] com.revature.loggers.Logging             : class com.revature.serviceImpl.PatientInfoServiceImpl:getAllPatients()Response : []
2023-05-17T12:38:06.406+05:30  INFO 24604 --- [http-nio-9006-exec-2] com.revature.loggers.Logging             : class com.revature.controller.PatientInfoController:getPatients()Response : {"headers":{},"body":"no data present","statusCode":"BAD_REQUEST","statusCodeValue":400}
2023-05-17T12:38:10.528+05:30  INFO 24604 --- [http-nio-9006-exec-4] com.revature.loggers.Logging             : method invokeclass com.revature.controller.PatientInfoController:getPatients()Arguments : []
2023-05-17T12:38:10.529+05:30  INFO 24604 --- [http-nio-9006-exec-4] com.revature.loggers.Logging             : method invokeclass com.revature.serviceImpl.PatientInfoServiceImpl:getAllPatients()Arguments : []
2023-05-17T12:38:10.539+05:30  INFO 24604 --- [http-nio-9006-exec-4] com.revature.loggers.Logging             : class com.revature.serviceImpl.PatientInfoServiceImpl:getAllPatients()Response : []
2023-05-17T12:38:10.544+05:30  INFO 24604 --- [http-nio-9006-exec-4] com.revature.loggers.Logging             : class com.revature.controller.PatientInfoController:getPatients()Response : {"headers":{},"body":"no data present","statusCode":"BAD_REQUEST","statusCodeValue":400}
