2023-05-17T11:58:49.159+05:30  INFO 16784 --- [restartedMain] c.revature.G1AllergyServiceApplication   : Starting G1AllergyServiceApplication using Java 17.0.6 with PID 16784 (C:\Users\Akshay Pramod Kadam\Desktop\pms-microservices\final-pms-microservices\g1-allergy-service\target\classes started by Akshay Pramod Kadam in C:\Users\Akshay Pramod Kadam\Desktop\pms-microservices\final-pms-microservices\g1-allergy-service)
2023-05-17T11:58:49.171+05:30  INFO 16784 --- [restartedMain] c.revature.G1AllergyServiceApplication   : The following 1 profile is active: "local"
2023-05-17T11:58:49.224+05:30  INFO 16784 --- [restartedMain] o.s.c.c.c.ConfigServerConfigDataLoader   : Fetching config from server at : http://localhost:9000
2023-05-17T11:58:49.225+05:30  INFO 16784 --- [restartedMain] o.s.c.c.c.ConfigServerConfigDataLoader   : Connect Timeout Exception on Url - http://localhost:9000. Will try the next url if available
2023-05-17T11:58:49.225+05:30  WARN 16784 --- [restartedMain] o.s.c.c.c.ConfigServerConfigDataLoader   : Could not locate PropertySource ([ConfigServerConfigDataResource@47b43083 uris = array<String>['http://localhost:9000'], optional = true, profiles = list['local']]): I/O error on GET request for "http://localhost:9000/g1-allergy-service/local": Connection refused: no further information
2023-05-17T11:58:49.228+05:30  INFO 16784 --- [restartedMain] .e.DevToolsPropertyDefaultsPostProcessor : For additional web related logging consider setting the 'logging.level.web' property to 'DEBUG'
2023-05-17T11:58:50.368+05:30  INFO 16784 --- [restartedMain] .s.d.r.c.RepositoryConfigurationDelegate : Bootstrapping Spring Data JPA repositories in DEFAULT mode.
2023-05-17T11:58:50.503+05:30  INFO 16784 --- [restartedMain] .s.d.r.c.RepositoryConfigurationDelegate : Finished Spring Data repository scanning in 124 ms. Found 1 JPA repository interfaces.
2023-05-17T11:58:50.795+05:30  INFO 16784 --- [restartedMain] o.s.cloud.context.scope.GenericScope     : BeanFactory id=18f06869-ae19-3683-b783-70c51fb1c335
2023-05-17T11:58:51.546+05:30  INFO 16784 --- [restartedMain] o.s.b.w.embedded.tomcat.TomcatWebServer  : Tomcat initialized with port(s): 9002 (http)
2023-05-17T11:58:51.559+05:30  INFO 16784 --- [restartedMain] o.apache.catalina.core.StandardService   : Starting service [Tomcat]
2023-05-17T11:58:51.559+05:30  INFO 16784 --- [restartedMain] o.apache.catalina.core.StandardEngine    : Starting Servlet engine: [Apache Tomcat/10.1.5]
2023-05-17T11:58:51.681+05:30  INFO 16784 --- [restartedMain] o.a.c.c.C.[Tomcat].[localhost].[/]       : Initializing Spring embedded WebApplicationContext
2023-05-17T11:58:51.682+05:30  INFO 16784 --- [restartedMain] w.s.c.ServletWebServerApplicationContext : Root WebApplicationContext: initialization completed in 2454 ms
2023-05-17T11:58:52.406+05:30  INFO 16784 --- [restartedMain] com.zaxxer.hikari.HikariDataSource       : HikariPool-1 - Starting...
2023-05-17T11:58:53.652+05:30  INFO 16784 --- [restartedMain] com.zaxxer.hikari.pool.HikariPool        : HikariPool-1 - Added connection com.mysql.cj.jdbc.ConnectionImpl@65a52a6c
2023-05-17T11:58:53.656+05:30  INFO 16784 --- [restartedMain] com.zaxxer.hikari.HikariDataSource       : HikariPool-1 - Start completed.
2023-05-17T11:58:53.919+05:30  INFO 16784 --- [restartedMain] SQL dialect                              : HHH000400: Using dialect: org.hibernate.dialect.MySQLDialect
2023-05-17T11:58:55.166+05:30  INFO 16784 --- [restartedMain] j.LocalContainerEntityManagerFactoryBean : Initialized JPA EntityManagerFactory for persistence unit 'default'
2023-05-17T11:58:55.801+05:30  WARN 16784 --- [restartedMain] JpaBaseConfiguration$JpaWebConfiguration : spring.jpa.open-in-view is enabled by default. Therefore, database queries may be performed during view rendering. Explicitly configure spring.jpa.open-in-view to disable this warning
2023-05-17T11:58:57.680+05:30  INFO 16784 --- [restartedMain] o.s.b.d.a.OptionalLiveReloadServer       : LiveReload server is running on port 35729
2023-05-17T11:58:57.864+05:30  WARN 16784 --- [restartedMain] iguration$LoadBalancerCaffeineWarnLogger : Spring Cloud LoadBalancer is currently working with the default cache. While this cache implementation is useful for development and tests, it's recommended to use Caffeine cache in production.You can switch to using Caffeine cache, by adding it and org.springframework.cache.caffeine.CaffeineCacheManager to the classpath.
2023-05-17T11:58:57.874+05:30  INFO 16784 --- [restartedMain] o.s.b.a.e.web.EndpointLinksResolver      : Exposing 19 endpoint(s) beneath base path '/actuator'
2023-05-17T11:58:58.005+05:30  INFO 16784 --- [restartedMain] o.s.b.w.embedded.tomcat.TomcatWebServer  : Tomcat started on port(s): 9002 (http) with context path ''
2023-05-17T11:58:58.009+05:30  INFO 16784 --- [restartedMain] o.s.c.c.s.ConsulServiceRegistry          : Registering service with consul: NewService{id='g1-allergy-service-9002', name='g1-allergy-service', tags=[], address='White-Wolf', meta={secure=false}, port=9002, enableTagOverride=null, check=Check{script='null', dockerContainerID='null', shell='null', interval='12s', ttl='null', http='http://White-Wolf:9002/actuator/health', method='null', header={}, tcp='null', timeout='null', deregisterCriticalServiceAfter='null', tlsSkipVerify=null, status='null', grpc='null', grpcUseTLS=null}, checks=null}
2023-05-17T11:58:58.129+05:30  INFO 16784 --- [restartedMain] c.revature.G1AllergyServiceApplication   : Started G1AllergyServiceApplication in 10.115 seconds (process running for 11.927)
2023-05-17T11:58:58.379+05:30  INFO 16784 --- [http-nio-9002-exec-1] o.a.c.c.C.[Tomcat].[localhost].[/]       : Initializing Spring DispatcherServlet 'dispatcherServlet'
2023-05-17T11:58:58.379+05:30  INFO 16784 --- [http-nio-9002-exec-1] o.s.web.servlet.DispatcherServlet        : Initializing Servlet 'dispatcherServlet'
2023-05-17T11:58:58.381+05:30  INFO 16784 --- [http-nio-9002-exec-1] o.s.web.servlet.DispatcherServlet        : Completed initialization in 2 ms
