#
# There is insufficient memory for the Java Runtime Environment to continue.
# Native memory allocation (malloc) failed to allocate 32744 bytes for ChunkPool::allocate
# Possible reasons:
#   The system is out of physical RAM or swap space
#   The process is running with CompressedOops enabled, and the Java Heap may be blocking the growth of the native heap
# Possible solutions:
#   Reduce memory load on the system
#   Increase physical memory or swap space
#   Check if swap backing store is full
#   Decrease Java heap size (-Xmx/-Xms)
#   Decrease number of Java threads
#   Decrease Java thread stack sizes (-Xss)
#   Set larger code cache with -XX:ReservedCodeCacheSize=
#   JVM is running with Unscaled Compressed Oops mode in which the Java heap is
#     placed in the first 4GB address space. The Java Heap base address is the
#     maximum limit for the native heap growth. Please use -XX:HeapBaseMinAddress
#     to set the Java Heap base and to place the Java Heap above 4GB virtual address.
# This output file may be truncated or incomplete.
#
#  Out of Memory Error (arena.cpp:78), pid=32508, tid=24084
#
# JRE version: OpenJDK Runtime Environment Temurin-17.0.6+10 (17.0.6+10) (build 17.0.6+10)
# Java VM: OpenJDK 64-Bit Server VM Temurin-17.0.6+10 (17.0.6+10, mixed mode, tiered, compressed oops, compressed class ptrs, g1 gc, windows-amd64)
# No core dump will be written. Minidumps are not enabled by default on client versions of Windows
#

---------------  S U M M A R Y ------------

Command Line: -Dmaven.home=EMBEDDED -Dclassworlds.conf=D:\pms-final-microservices\.metadata\.plugins\org.eclipse.m2e.launching\launches\m2conf350743838855554427.tmp -Dmaven.multiModuleProjectDirectory=C:\Users\Akshay Pramod Kadam\Desktop\pms-microservices\final-pms-microservices\g1-allergy-service -Dm2e.build.project.data.socket.port=61450 -Dfile.encoding=UTF-8 -XX:+ShowCodeDetailsInExceptionMessages org.codehaus.plexus.classworlds.launcher.Launcher -B -Dstyle.color=always clean install package -DskipTests -Dspring.profiles.active=local spring-boot:run

Host: AMD Ryzen 5 5500U with Radeon Graphics         , 12 cores, 5G,  Windows 11 , 64 bit Build 22621 (10.0.22621.1635)
Time: Wed May 10 20:32:21 2023 India Standard Time elapsed time: 12.401301 seconds (0d 0h 0m 12s)

---------------  T H R E A D  ---------------

Current thread (0x00000162df049560):  JavaThread "C2 CompilerThread0" daemon [_thread_in_native, id=24084, stack(0x0000001f49600000,0x0000001f49700000)]


Current CompileTask:
C2:  12401 8011   !   4       java.lang.ClassLoader::loadClass (121 bytes)

Stack: [0x0000001f49600000,0x0000001f49700000]
Native frames: (J=compiled Java code, j=interpreted, Vv=VM code, C=native code)
V  [jvm.dll+0x67741a]
V  [jvm.dll+0x834434]
V  [jvm.dll+0x835bde]
V  [jvm.dll+0x836243]
V  [jvm.dll+0x2457b5]
V  [jvm.dll+0xabd1c]
V  [jvm.dll+0xac0cc]
V  [jvm.dll+0x368762]
V  [jvm.dll+0x55f659]
V  [jvm.dll+0x32ddd0]
V  [jvm.dll+0x32d24a]
V  [jvm.dll+0x2185f1]
V  [jvm.dll+0x217a11]
V  [jvm.dll+0x1a3d0d]
V  [jvm.dll+0x22742a]
V  [jvm.dll+0x225565]
V  [jvm.dll+0x7ea2cb]
V  [jvm.dll+0x7e483a]
V  [jvm.dll+0x6762c5]
C  [ucrtbase.dll+0x29363]
C  [KERNEL32.DLL+0x126ad]
C  [ntdll.dll+0x5a9f8]


---------------  P R O C E S S  ---------------

Threads class SMR info:
_java_thread_list=0x00000162dfc24310, length=12, elements={
0x00000162c37e09e0, 0x00000162df013020, 0x00000162df0139d0, 0x00000162de7d1ac0,
0x00000162df035c20, 0x00000162df0384f0, 0x00000162df038ea0, 0x00000162df049560,
0x00000162df04a000, 0x00000162df05c0d0, 0x00000162df1b5960, 0x00000162df1d5460
}

Java Threads: ( => current thread )
  0x00000162c37e09e0 JavaThread "main" [_thread_in_native, id=5996, stack(0x0000001f48900000,0x0000001f48a00000)]
  0x00000162df013020 JavaThread "Reference Handler" daemon [_thread_blocked, id=11680, stack(0x0000001f49000000,0x0000001f49100000)]
  0x00000162df0139d0 JavaThread "Finalizer" daemon [_thread_blocked, id=16116, stack(0x0000001f49100000,0x0000001f49200000)]
  0x00000162de7d1ac0 JavaThread "Signal Dispatcher" daemon [_thread_blocked, id=27348, stack(0x0000001f49200000,0x0000001f49300000)]
  0x00000162df035c20 JavaThread "Attach Listener" daemon [_thread_blocked, id=2584, stack(0x0000001f49300000,0x0000001f49400000)]
  0x00000162df0384f0 JavaThread "Service Thread" daemon [_thread_blocked, id=13568, stack(0x0000001f49400000,0x0000001f49500000)]
  0x00000162df038ea0 JavaThread "Monitor Deflation Thread" daemon [_thread_blocked, id=15264, stack(0x0000001f49500000,0x0000001f49600000)]
=>0x00000162df049560 JavaThread "C2 CompilerThread0" daemon [_thread_in_native, id=24084, stack(0x0000001f49600000,0x0000001f49700000)]
  0x00000162df04a000 JavaThread "C1 CompilerThread0" daemon [_thread_in_native, id=7672, stack(0x0000001f49700000,0x0000001f49800000)]
  0x00000162df05c0d0 JavaThread "Sweeper thread" daemon [_thread_blocked, id=17264, stack(0x0000001f49800000,0x0000001f49900000)]
  0x00000162df1b5960 JavaThread "Notification Thread" daemon [_thread_blocked, id=12796, stack(0x0000001f49900000,0x0000001f49a00000)]
  0x00000162df1d5460 JavaThread "Common-Cleaner" daemon [_thread_blocked, id=9400, stack(0x0000001f49b00000,0x0000001f49c00000)]

Other Threads:
  0x00000162de7bda40 VMThread "VM Thread" [stack: 0x0000001f48f00000,0x0000001f49000000] [id=2480]
  0x00000162df1b7e40 WatcherThread [stack: 0x0000001f49a00000,0x0000001f49b00000] [id=5476]
  0x00000162c382d730 GCTaskThread "GC Thread#0" [stack: 0x0000001f48a00000,0x0000001f48b00000] [id=17856]
  0x00000162e0a4b450 GCTaskThread "GC Thread#1" [stack: 0x0000001f49e00000,0x0000001f49f00000] [id=28280]
  0x00000162e08ff130 GCTaskThread "GC Thread#2" [stack: 0x0000001f49f00000,0x0000001f4a000000] [id=15956]
  0x00000162e0ceb7a0 GCTaskThread "GC Thread#3" [stack: 0x0000001f4a000000,0x0000001f4a100000] [id=6312]
  0x00000162e0acf500 GCTaskThread "GC Thread#4" [stack: 0x0000001f4a100000,0x0000001f4a200000] [id=14088]
  0x00000162e0acf7b0 GCTaskThread "GC Thread#5" [stack: 0x0000001f4a200000,0x0000001f4a300000] [id=28532]
  0x00000162e0a5bc00 GCTaskThread "GC Thread#6" [stack: 0x0000001f4a300000,0x0000001f4a400000] [id=7780]
  0x00000162e0a5beb0 GCTaskThread "GC Thread#7" [stack: 0x0000001f4a400000,0x0000001f4a500000] [id=12164]
  0x00000162dfc94c60 GCTaskThread "GC Thread#8" [stack: 0x0000001f4a500000,0x0000001f4a600000] [id=16860]
  0x00000162dfc94f10 GCTaskThread "GC Thread#9" [stack: 0x0000001f4a600000,0x0000001f4a700000] [id=31444]
  0x00000162c3858030 ConcurrentGCThread "G1 Main Marker" [stack: 0x0000001f48b00000,0x0000001f48c00000] [id=4348]
  0x00000162c38587e0 ConcurrentGCThread "G1 Conc#0" [stack: 0x0000001f48c00000,0x0000001f48d00000] [id=7296]
  0x00000162e11c7dd0 ConcurrentGCThread "G1 Conc#1" [stack: 0x0000001f49d00000,0x0000001f49e00000] [id=18924]
  0x00000162e1293bf0 ConcurrentGCThread "G1 Conc#2" [stack: 0x0000001f4a700000,0x0000001f4a800000] [id=28012]
  0x00000162de6180f0 ConcurrentGCThread "G1 Refine#0" [stack: 0x0000001f48d00000,0x0000001f48e00000] [id=24700]
  0x00000162de61a7d0 ConcurrentGCThread "G1 Service" [stack: 0x0000001f48e00000,0x0000001f48f00000] [id=23564]

Threads with active compile tasks:
C2 CompilerThread0    12476 8011   !   4       java.lang.ClassLoader::loadClass (121 bytes)
C1 CompilerThread0    12477 8257       3       sun.security.util.ManifestEntryVerifier::update (48 bytes)

VM state: not at safepoint (normal execution)

VM Mutex/Monitor currently owned by a thread: None

Heap address: 0x00000000a2600000, size: 1498 MB, Compressed Oops mode: 32-bit

CDS archive(s) not mapped
Compressed class space mapped at: 0x0000000100000000-0x0000000140000000, reserved size: 1073741824
Narrow klass base: 0x0000000000000000, Narrow klass shift: 3, Narrow klass range: 0x140000000

GC Precious Log:
 CPUs: 12 total, 12 available
 Memory: 5989M
 Large Page Support: Disabled
 NUMA Support: Disabled
 Compressed Oops: Enabled (32-bit)
 Heap Region Size: 1M
 Heap Min Capacity: 8M
 Heap Initial Capacity: 94M
 Heap Max Capacity: 1498M
 Pre-touch: Disabled
 Parallel Workers: 10
 Concurrent Workers: 3
 Concurrent Refinement Workers: 10
 Periodic GC: Disabled

Heap:
 garbage-first heap   total 176128K, used 119929K [0x00000000a2600000, 0x0000000100000000)
  region size 1024K, 32 young (32768K), 6 survivors (6144K)
 Metaspace       used 45078K, committed 45504K, reserved 1097728K
  class space    used 4808K, committed 4992K, reserved 1048576K

Heap Regions: E=young(eden), S=young(survivor), O=old, HS=humongous(starts), HC=humongous(continues), CS=collection set, F=free, OA=open archive, CA=closed archive, TAMS=top-at-mark-start (previous, next)
|   0|0x00000000a2600000, 0x00000000a2700000, 0x00000000a2700000|100%| O|  |TAMS 0x00000000a2700000, 0x00000000a2600000| Untracked 
|   1|0x00000000a2700000, 0x00000000a2800000, 0x00000000a2800000|100%| O|  |TAMS 0x00000000a2800000, 0x00000000a2700000| Untracked 
|   2|0x00000000a2800000, 0x00000000a2900000, 0x00000000a2900000|100%| O|  |TAMS 0x00000000a2900000, 0x00000000a2800000| Untracked 
|   3|0x00000000a2900000, 0x00000000a2a00000, 0x00000000a2a00000|100%| O|  |TAMS 0x00000000a2a00000, 0x00000000a2900000| Untracked 
|   4|0x00000000a2a00000, 0x00000000a2b00000, 0x00000000a2b00000|100%| O|  |TAMS 0x00000000a2b00000, 0x00000000a2a00000| Untracked 
|   5|0x00000000a2b00000, 0x00000000a2c00000, 0x00000000a2c00000|100%| O|  |TAMS 0x00000000a2c00000, 0x00000000a2b00000| Untracked 
|   6|0x00000000a2c00000, 0x00000000a2d00000, 0x00000000a2d00000|100%| O|  |TAMS 0x00000000a2d00000, 0x00000000a2c00000| Untracked 
|   7|0x00000000a2d00000, 0x00000000a2e00000, 0x00000000a2e00000|100%| O|  |TAMS 0x00000000a2e00000, 0x00000000a2d00000| Untracked 
|   8|0x00000000a2e00000, 0x00000000a2f00000, 0x00000000a2f00000|100%| O|  |TAMS 0x00000000a2f00000, 0x00000000a2e00000| Untracked 
|   9|0x00000000a2f00000, 0x00000000a3000000, 0x00000000a3000000|100%| O|  |TAMS 0x00000000a2f00000, 0x00000000a2f00000| Untracked 
|  10|0x00000000a3000000, 0x00000000a3100000, 0x00000000a3100000|100%| O|  |TAMS 0x00000000a3100000, 0x00000000a3000000| Untracked 
|  11|0x00000000a3100000, 0x00000000a3200000, 0x00000000a3200000|100%| O|  |TAMS 0x00000000a3200000, 0x00000000a3100000| Untracked 
|  12|0x00000000a3200000, 0x00000000a3300000, 0x00000000a3300000|100%| O|  |TAMS 0x00000000a3300000, 0x00000000a3200000| Untracked 
|  13|0x00000000a3300000, 0x00000000a3400000, 0x00000000a3400000|100%| O|  |TAMS 0x00000000a3400000, 0x00000000a3300000| Untracked 
|  14|0x00000000a3400000, 0x00000000a3500000, 0x00000000a3500000|100%| O|  |TAMS 0x00000000a3500000, 0x00000000a3400000| Untracked 
|  15|0x00000000a3500000, 0x00000000a3600000, 0x00000000a3600000|100%| O|  |TAMS 0x00000000a3600000, 0x00000000a3500000| Untracked 
|  16|0x00000000a3600000, 0x00000000a3700000, 0x00000000a3700000|100%| O|  |TAMS 0x00000000a3700000, 0x00000000a3600000| Untracked 
|  17|0x00000000a3700000, 0x00000000a3800000, 0x00000000a3800000|100%| O|  |TAMS 0x00000000a3800000, 0x00000000a3700000| Untracked 
|  18|0x00000000a3800000, 0x00000000a3900000, 0x00000000a3900000|100%| O|  |TAMS 0x00000000a3900000, 0x00000000a3800000| Untracked 
|  19|0x00000000a3900000, 0x00000000a3a00000, 0x00000000a3a00000|100%| O|  |TAMS 0x00000000a3a00000, 0x00000000a3900000| Untracked 
|  20|0x00000000a3a00000, 0x00000000a3b00000, 0x00000000a3b00000|100%| O|  |TAMS 0x00000000a3b00000, 0x00000000a3a00000| Untracked 
|  21|0x00000000a3b00000, 0x00000000a3c00000, 0x00000000a3c00000|100%| O|  |TAMS 0x00000000a3c00000, 0x00000000a3b00000| Untracked 
|  22|0x00000000a3c00000, 0x00000000a3d00000, 0x00000000a3d00000|100%| O|  |TAMS 0x00000000a3d00000, 0x00000000a3c00000| Untracked 
|  23|0x00000000a3d00000, 0x00000000a3e00000, 0x00000000a3e00000|100%| O|  |TAMS 0x00000000a3e00000, 0x00000000a3d00000| Untracked 
|  24|0x00000000a3e00000, 0x00000000a3f00000, 0x00000000a3f00000|100%| O|  |TAMS 0x00000000a3f00000, 0x00000000a3e00000| Untracked 
|  25|0x00000000a3f00000, 0x00000000a4000000, 0x00000000a4000000|100%| O|  |TAMS 0x00000000a4000000, 0x00000000a3f00000| Untracked 
|  26|0x00000000a4000000, 0x00000000a4100000, 0x00000000a4100000|100%| O|  |TAMS 0x00000000a4000000, 0x00000000a4000000| Untracked 
|  27|0x00000000a4100000, 0x00000000a4200000, 0x00000000a4200000|100%| O|  |TAMS 0x00000000a4200000, 0x00000000a4100000| Untracked 
|  28|0x00000000a4200000, 0x00000000a4300000, 0x00000000a4300000|100%| O|  |TAMS 0x00000000a4300000, 0x00000000a4200000| Untracked 
|  29|0x00000000a4300000, 0x00000000a4400000, 0x00000000a4400000|100%| O|  |TAMS 0x00000000a4400000, 0x00000000a4300000| Untracked 
|  30|0x00000000a4400000, 0x00000000a4500000, 0x00000000a4500000|100%| O|  |TAMS 0x00000000a4500000, 0x00000000a4400000| Untracked 
|  31|0x00000000a4500000, 0x00000000a4600000, 0x00000000a4600000|100%| O|  |TAMS 0x00000000a4600000, 0x00000000a4500000| Untracked 
|  32|0x00000000a4600000, 0x00000000a4700000, 0x00000000a4700000|100%| O|  |TAMS 0x00000000a4700000, 0x00000000a4600000| Untracked 
|  33|0x00000000a4700000, 0x00000000a4800000, 0x00000000a4800000|100%| O|  |TAMS 0x00000000a4800000, 0x00000000a4700000| Untracked 
|  34|0x00000000a4800000, 0x00000000a4900000, 0x00000000a4900000|100%| O|  |TAMS 0x00000000a4900000, 0x00000000a4800000| Untracked 
|  35|0x00000000a4900000, 0x00000000a4a00000, 0x00000000a4a00000|100%| O|  |TAMS 0x00000000a4a00000, 0x00000000a4900000| Untracked 
|  36|0x00000000a4a00000, 0x00000000a4b00000, 0x00000000a4b00000|100%| O|  |TAMS 0x00000000a4b00000, 0x00000000a4a00000| Untracked 
|  37|0x00000000a4b00000, 0x00000000a4c00000, 0x00000000a4c00000|100%| O|  |TAMS 0x00000000a4c00000, 0x00000000a4b00000| Untracked 
|  38|0x00000000a4c00000, 0x00000000a4d00000, 0x00000000a4d00000|100%| O|  |TAMS 0x00000000a4d00000, 0x00000000a4c00000| Untracked 
|  39|0x00000000a4d00000, 0x00000000a4e00000, 0x00000000a4e00000|100%| O|  |TAMS 0x00000000a4e00000, 0x00000000a4d00000| Untracked 
|  40|0x00000000a4e00000, 0x00000000a4f00000, 0x00000000a4f00000|100%|HS|  |TAMS 0x00000000a4f00000, 0x00000000a4e00000| Complete 
|  41|0x00000000a4f00000, 0x00000000a5000000, 0x00000000a5000000|100%| O|  |TAMS 0x00000000a4f00000, 0x00000000a4f00000| Untracked 
|  42|0x00000000a5000000, 0x00000000a5100000, 0x00000000a5100000|100%| O|  |TAMS 0x00000000a5100000, 0x00000000a5000000| Untracked 
|  43|0x00000000a5100000, 0x00000000a5200000, 0x00000000a5200000|100%| O|  |TAMS 0x00000000a5200000, 0x00000000a5100000| Untracked 
|  44|0x00000000a5200000, 0x00000000a5300000, 0x00000000a5300000|100%| O|  |TAMS 0x00000000a5300000, 0x00000000a5200000| Untracked 
|  45|0x00000000a5300000, 0x00000000a5400000, 0x00000000a5400000|100%| O|  |TAMS 0x00000000a5400000, 0x00000000a5300000| Untracked 
|  46|0x00000000a5400000, 0x00000000a5500000, 0x00000000a5500000|100%| O|  |TAMS 0x00000000a5500000, 0x00000000a5400000| Untracked 
|  47|0x00000000a5500000, 0x00000000a5600000, 0x00000000a5600000|100%| O|  |TAMS 0x00000000a5600000, 0x00000000a5500000| Untracked 
|  48|0x00000000a5600000, 0x00000000a5700000, 0x00000000a5700000|100%| O|  |TAMS 0x00000000a5700000, 0x00000000a5600000| Untracked 
|  49|0x00000000a5700000, 0x00000000a5800000, 0x00000000a5800000|100%| O|  |TAMS 0x00000000a5800000, 0x00000000a5700000| Untracked 
|  50|0x00000000a5800000, 0x00000000a5900000, 0x00000000a5900000|100%| O|  |TAMS 0x00000000a5800000, 0x00000000a5800000| Untracked 
|  51|0x00000000a5900000, 0x00000000a5a00000, 0x00000000a5a00000|100%| O|  |TAMS 0x00000000a5a00000, 0x00000000a5900000| Untracked 
|  52|0x00000000a5a00000, 0x00000000a5b00000, 0x00000000a5b00000|100%| O|  |TAMS 0x00000000a5b00000, 0x00000000a5a00000| Untracked 
|  53|0x00000000a5b00000, 0x00000000a5c00000, 0x00000000a5c00000|100%| O|  |TAMS 0x00000000a5c00000, 0x00000000a5b00000| Untracked 
|  54|0x00000000a5c00000, 0x00000000a5d00000, 0x00000000a5d00000|100%| O|  |TAMS 0x00000000a5d00000, 0x00000000a5c00000| Untracked 
|  55|0x00000000a5d00000, 0x00000000a5e00000, 0x00000000a5e00000|100%| O|  |TAMS 0x00000000a5e00000, 0x00000000a5d00000| Untracked 
|  56|0x00000000a5e00000, 0x00000000a5f00000, 0x00000000a5f00000|100%| O|  |TAMS 0x00000000a5eec400, 0x00000000a5e00000| Untracked 
|  57|0x00000000a5f00000, 0x00000000a6000000, 0x00000000a6000000|100%| O|  |TAMS 0x00000000a5f00000, 0x00000000a5f00000| Untracked 
|  58|0x00000000a6000000, 0x00000000a6100000, 0x00000000a6100000|100%| O|  |TAMS 0x00000000a6000000, 0x00000000a6000000| Untracked 
|  59|0x00000000a6100000, 0x00000000a6200000, 0x00000000a6200000|100%|HS|  |TAMS 0x00000000a6100000, 0x00000000a6100000| Complete 
|  60|0x00000000a6200000, 0x00000000a6300000, 0x00000000a6300000|100%|HC|  |TAMS 0x00000000a6200000, 0x00000000a6200000| Complete 
|  61|0x00000000a6300000, 0x00000000a6400000, 0x00000000a6400000|100%| O|  |TAMS 0x00000000a6300000, 0x00000000a6300000| Untracked 
|  62|0x00000000a6400000, 0x00000000a6500000, 0x00000000a6500000|100%| O|  |TAMS 0x00000000a6400000, 0x00000000a6400000| Untracked 
|  63|0x00000000a6500000, 0x00000000a6600000, 0x00000000a6600000|100%|HS|  |TAMS 0x00000000a6500000, 0x00000000a6500000| Complete 
|  64|0x00000000a6600000, 0x00000000a6700000, 0x00000000a6700000|100%|HS|  |TAMS 0x00000000a6600000, 0x00000000a6600000| Complete 
|  65|0x00000000a6700000, 0x00000000a6800000, 0x00000000a6800000|100%| O|  |TAMS 0x00000000a6700000, 0x00000000a6700000| Untracked 
|  66|0x00000000a6800000, 0x00000000a6900000, 0x00000000a6900000|100%| O|  |TAMS 0x00000000a6800000, 0x00000000a6800000| Untracked 
|  67|0x00000000a6900000, 0x00000000a6a00000, 0x00000000a6a00000|100%| O|  |TAMS 0x00000000a6900000, 0x00000000a6900000| Untracked 
|  68|0x00000000a6a00000, 0x00000000a6b00000, 0x00000000a6b00000|100%| O|  |TAMS 0x00000000a6a00000, 0x00000000a6a00000| Untracked 
|  69|0x00000000a6b00000, 0x00000000a6c00000, 0x00000000a6c00000|100%| O|  |TAMS 0x00000000a6b00000, 0x00000000a6b00000| Untracked 
|  70|0x00000000a6c00000, 0x00000000a6d00000, 0x00000000a6d00000|100%| O|  |TAMS 0x00000000a6c00000, 0x00000000a6c00000| Untracked 
|  71|0x00000000a6d00000, 0x00000000a6e00000, 0x00000000a6e00000|100%| O|  |TAMS 0x00000000a6d00000, 0x00000000a6d00000| Untracked 
|  72|0x00000000a6e00000, 0x00000000a6f00000, 0x00000000a6f00000|100%| O|  |TAMS 0x00000000a6e00000, 0x00000000a6e00000| Untracked 
|  73|0x00000000a6f00000, 0x00000000a7000000, 0x00000000a7000000|100%| O|  |TAMS 0x00000000a6f00000, 0x00000000a6f00000| Untracked 
|  74|0x00000000a7000000, 0x00000000a7100000, 0x00000000a7100000|100%| O|  |TAMS 0x00000000a7000000, 0x00000000a7000000| Untracked 
|  75|0x00000000a7100000, 0x00000000a7200000, 0x00000000a7200000|100%| O|  |TAMS 0x00000000a7100000, 0x00000000a7100000| Untracked 
|  76|0x00000000a7200000, 0x00000000a7300000, 0x00000000a7300000|100%| O|  |TAMS 0x00000000a7200000, 0x00000000a7200000| Untracked 
|  77|0x00000000a7300000, 0x00000000a7400000, 0x00000000a7400000|100%| O|  |TAMS 0x00000000a7300000, 0x00000000a7300000| Untracked 
|  78|0x00000000a7400000, 0x00000000a7500000, 0x00000000a7500000|100%| O|  |TAMS 0x00000000a7400000, 0x00000000a7400000| Untracked 
|  79|0x00000000a7500000, 0x00000000a7600000, 0x00000000a7600000|100%| O|  |TAMS 0x00000000a7500000, 0x00000000a7500000| Untracked 
|  80|0x00000000a7600000, 0x00000000a7700000, 0x00000000a7700000|100%| O|  |TAMS 0x00000000a7600000, 0x00000000a7600000| Untracked 
|  81|0x00000000a7700000, 0x00000000a7800000, 0x00000000a7800000|100%| O|  |TAMS 0x00000000a7700000, 0x00000000a7700000| Untracked 
|  82|0x00000000a7800000, 0x00000000a7900000, 0x00000000a7900000|100%| O|  |TAMS 0x00000000a7800000, 0x00000000a7800000| Untracked 
|  83|0x00000000a7900000, 0x00000000a7a00000, 0x00000000a7a00000|100%| O|  |TAMS 0x00000000a7900000, 0x00000000a7900000| Untracked 
|  84|0x00000000a7a00000, 0x00000000a7b00000, 0x00000000a7b00000|100%| O|  |TAMS 0x00000000a7a00000, 0x00000000a7a00000| Untracked 
|  85|0x00000000a7b00000, 0x00000000a7c00000, 0x00000000a7c00000|100%| O|  |TAMS 0x00000000a7b00000, 0x00000000a7b00000| Untracked 
|  86|0x00000000a7c00000, 0x00000000a7cade00, 0x00000000a7d00000| 67%| O|  |TAMS 0x00000000a7c00000, 0x00000000a7c00000| Untracked 
|  87|0x00000000a7d00000, 0x00000000a7e00000, 0x00000000a7e00000|100%|HS|  |TAMS 0x00000000a7d00000, 0x00000000a7d00000| Complete 
|  88|0x00000000a7e00000, 0x00000000a7e00000, 0x00000000a7f00000|  0%| F|  |TAMS 0x00000000a7e00000, 0x00000000a7e00000| Untracked 
|  89|0x00000000a7f00000, 0x00000000a7f00000, 0x00000000a8000000|  0%| F|  |TAMS 0x00000000a7f00000, 0x00000000a7f00000| Untracked 
|  90|0x00000000a8000000, 0x00000000a8000000, 0x00000000a8100000|  0%| F|  |TAMS 0x00000000a8000000, 0x00000000a8000000| Untracked 
|  91|0x00000000a8100000, 0x00000000a8100000, 0x00000000a8200000|  0%| F|  |TAMS 0x00000000a8100000, 0x00000000a8100000| Untracked 
|  92|0x00000000a8200000, 0x00000000a8200000, 0x00000000a8300000|  0%| F|  |TAMS 0x00000000a8200000, 0x00000000a8200000| Untracked 
|  93|0x00000000a8300000, 0x00000000a8300000, 0x00000000a8400000|  0%| F|  |TAMS 0x00000000a8300000, 0x00000000a8300000| Untracked 
|  94|0x00000000a8400000, 0x00000000a8400000, 0x00000000a8500000|  0%| F|  |TAMS 0x00000000a8400000, 0x00000000a8400000| Untracked 
|  95|0x00000000a8500000, 0x00000000a8500000, 0x00000000a8600000|  0%| F|  |TAMS 0x00000000a8500000, 0x00000000a8500000| Untracked 
|  96|0x00000000a8600000, 0x00000000a8600000, 0x00000000a8700000|  0%| F|  |TAMS 0x00000000a8600000, 0x00000000a8600000| Untracked 
|  97|0x00000000a8700000, 0x00000000a8700000, 0x00000000a8800000|  0%| F|  |TAMS 0x00000000a8700000, 0x00000000a8700000| Untracked 
|  98|0x00000000a8800000, 0x00000000a8800000, 0x00000000a8900000|  0%| F|  |TAMS 0x00000000a8800000, 0x00000000a8800000| Untracked 
|  99|0x00000000a8900000, 0x00000000a8900000, 0x00000000a8a00000|  0%| F|  |TAMS 0x00000000a8900000, 0x00000000a8900000| Untracked 
| 100|0x00000000a8a00000, 0x00000000a8a00000, 0x00000000a8b00000|  0%| F|  |TAMS 0x00000000a8a00000, 0x00000000a8a00000| Untracked 
| 101|0x00000000a8b00000, 0x00000000a8b00000, 0x00000000a8c00000|  0%| F|  |TAMS 0x00000000a8b00000, 0x00000000a8b00000| Untracked 
| 102|0x00000000a8c00000, 0x00000000a8c00000, 0x00000000a8d00000|  0%| F|  |TAMS 0x00000000a8c00000, 0x00000000a8c00000| Untracked 
| 103|0x00000000a8d00000, 0x00000000a8d00000, 0x00000000a8e00000|  0%| F|  |TAMS 0x00000000a8d00000, 0x00000000a8d00000| Untracked 
| 104|0x00000000a8e00000, 0x00000000a8e00000, 0x00000000a8f00000|  0%| F|  |TAMS 0x00000000a8e00000, 0x00000000a8e00000| Untracked 
| 105|0x00000000a8f00000, 0x00000000a8f00000, 0x00000000a9000000|  0%| F|  |TAMS 0x00000000a8f00000, 0x00000000a8f00000| Untracked 
| 106|0x00000000a9000000, 0x00000000a9000000, 0x00000000a9100000|  0%| F|  |TAMS 0x00000000a9000000, 0x00000000a9000000| Untracked 
| 107|0x00000000a9100000, 0x00000000a9100000, 0x00000000a9200000|  0%| F|  |TAMS 0x00000000a9100000, 0x00000000a9100000| Untracked 
| 108|0x00000000a9200000, 0x00000000a9200000, 0x00000000a9300000|  0%| F|  |TAMS 0x00000000a9200000, 0x00000000a9200000| Untracked 
| 109|0x00000000a9300000, 0x00000000a9300000, 0x00000000a9400000|  0%| F|  |TAMS 0x00000000a9300000, 0x00000000a9300000| Untracked 
| 110|0x00000000a9400000, 0x00000000a9400000, 0x00000000a9500000|  0%| F|  |TAMS 0x00000000a9400000, 0x00000000a9400000| Untracked 
| 111|0x00000000a9500000, 0x00000000a9500000, 0x00000000a9600000|  0%| F|  |TAMS 0x00000000a9500000, 0x00000000a9500000| Untracked 
| 112|0x00000000a9600000, 0x00000000a9600000, 0x00000000a9700000|  0%| F|  |TAMS 0x00000000a9600000, 0x00000000a9600000| Untracked 
| 113|0x00000000a9700000, 0x00000000a9700000, 0x00000000a9800000|  0%| F|  |TAMS 0x00000000a9700000, 0x00000000a9700000| Untracked 
| 114|0x00000000a9800000, 0x00000000a9800000, 0x00000000a9900000|  0%| F|  |TAMS 0x00000000a9800000, 0x00000000a9800000| Untracked 
| 115|0x00000000a9900000, 0x00000000a9900000, 0x00000000a9a00000|  0%| F|  |TAMS 0x00000000a9900000, 0x00000000a9900000| Untracked 
| 116|0x00000000a9a00000, 0x00000000a9a00000, 0x00000000a9b00000|  0%| F|  |TAMS 0x00000000a9a00000, 0x00000000a9a00000| Untracked 
| 117|0x00000000a9b00000, 0x00000000a9b00000, 0x00000000a9c00000|  0%| F|  |TAMS 0x00000000a9b00000, 0x00000000a9b00000| Untracked 
| 118|0x00000000a9c00000, 0x00000000a9c70698, 0x00000000a9d00000| 43%| S|CS|TAMS 0x00000000a9c00000, 0x00000000a9c00000| Complete 
| 119|0x00000000a9d00000, 0x00000000a9e00000, 0x00000000a9e00000|100%| S|CS|TAMS 0x00000000a9d00000, 0x00000000a9d00000| Complete 
| 120|0x00000000a9e00000, 0x00000000a9e00000, 0x00000000a9f00000|  0%| F|  |TAMS 0x00000000a9e00000, 0x00000000a9e00000| Untracked 
| 121|0x00000000a9f00000, 0x00000000aa000000, 0x00000000aa000000|100%| S|CS|TAMS 0x00000000a9f00000, 0x00000000a9f00000| Complete 
| 122|0x00000000aa000000, 0x00000000aa100000, 0x00000000aa100000|100%| S|CS|TAMS 0x00000000aa000000, 0x00000000aa000000| Complete 
| 123|0x00000000aa100000, 0x00000000aa200000, 0x00000000aa200000|100%| S|CS|TAMS 0x00000000aa100000, 0x00000000aa100000| Complete 
| 124|0x00000000aa200000, 0x00000000aa300000, 0x00000000aa300000|100%| S|CS|TAMS 0x00000000aa200000, 0x00000000aa200000| Complete 
| 125|0x00000000aa300000, 0x00000000aa300000, 0x00000000aa400000|  0%| F|  |TAMS 0x00000000aa300000, 0x00000000aa300000| Untracked 
| 126|0x00000000aa400000, 0x00000000aa400000, 0x00000000aa500000|  0%| F|  |TAMS 0x00000000aa400000, 0x00000000aa400000| Untracked 
| 127|0x00000000aa500000, 0x00000000aa500000, 0x00000000aa600000|  0%| F|  |TAMS 0x00000000aa500000, 0x00000000aa500000| Untracked 
| 128|0x00000000aa600000, 0x00000000aa600000, 0x00000000aa700000|  0%| F|  |TAMS 0x00000000aa600000, 0x00000000aa600000| Untracked 
| 129|0x00000000aa700000, 0x00000000aa700000, 0x00000000aa800000|  0%| F|  |TAMS 0x00000000aa700000, 0x00000000aa700000| Untracked 
| 130|0x00000000aa800000, 0x00000000aa800000, 0x00000000aa900000|  0%| F|  |TAMS 0x00000000aa800000, 0x00000000aa800000| Untracked 
| 131|0x00000000aa900000, 0x00000000aa900000, 0x00000000aaa00000|  0%| F|  |TAMS 0x00000000aa900000, 0x00000000aa900000| Untracked 
| 132|0x00000000aaa00000, 0x00000000aaa00000, 0x00000000aab00000|  0%| F|  |TAMS 0x00000000aaa00000, 0x00000000aaa00000| Untracked 
| 133|0x00000000aab00000, 0x00000000aab00000, 0x00000000aac00000|  0%| F|  |TAMS 0x00000000aab00000, 0x00000000aab00000| Untracked 
| 134|0x00000000aac00000, 0x00000000aac00000, 0x00000000aad00000|  0%| F|  |TAMS 0x00000000aac00000, 0x00000000aac00000| Untracked 
| 135|0x00000000aad00000, 0x00000000aad00000, 0x00000000aae00000|  0%| F|  |TAMS 0x00000000aad00000, 0x00000000aad00000| Untracked 
| 136|0x00000000aae00000, 0x00000000aae00000, 0x00000000aaf00000|  0%| F|  |TAMS 0x00000000aae00000, 0x00000000aae00000| Untracked 
| 137|0x00000000aaf00000, 0x00000000aaf00000, 0x00000000ab000000|  0%| F|  |TAMS 0x00000000aaf00000, 0x00000000aaf00000| Untracked 
| 138|0x00000000ab000000, 0x00000000ab000000, 0x00000000ab100000|  0%| F|  |TAMS 0x00000000ab000000, 0x00000000ab000000| Untracked 
| 139|0x00000000ab100000, 0x00000000ab100000, 0x00000000ab200000|  0%| F|  |TAMS 0x00000000ab100000, 0x00000000ab100000| Untracked 
| 140|0x00000000ab200000, 0x00000000ab200000, 0x00000000ab300000|  0%| F|  |TAMS 0x00000000ab200000, 0x00000000ab200000| Untracked 
| 141|0x00000000ab300000, 0x00000000ab300000, 0x00000000ab400000|  0%| F|  |TAMS 0x00000000ab300000, 0x00000000ab300000| Untracked 
| 142|0x00000000ab400000, 0x00000000ab400000, 0x00000000ab500000|  0%| F|  |TAMS 0x00000000ab400000, 0x00000000ab400000| Untracked 
| 143|0x00000000ab500000, 0x00000000ab500000, 0x00000000ab600000|  0%| F|  |TAMS 0x00000000ab500000, 0x00000000ab500000| Untracked 
| 144|0x00000000ab600000, 0x00000000ab600000, 0x00000000ab700000|  0%| F|  |TAMS 0x00000000ab600000, 0x00000000ab600000| Untracked 
| 145|0x00000000ab700000, 0x00000000ab700000, 0x00000000ab800000|  0%| F|  |TAMS 0x00000000ab700000, 0x00000000ab700000| Untracked 
| 146|0x00000000ab800000, 0x00000000ab900000, 0x00000000ab900000|100%| E|  |TAMS 0x00000000ab800000, 0x00000000ab800000| Complete 
| 147|0x00000000ab900000, 0x00000000aba00000, 0x00000000aba00000|100%| E|CS|TAMS 0x00000000ab900000, 0x00000000ab900000| Complete 
| 148|0x00000000aba00000, 0x00000000abb00000, 0x00000000abb00000|100%| E|CS|TAMS 0x00000000aba00000, 0x00000000aba00000| Complete 
| 149|0x00000000abb00000, 0x00000000abc00000, 0x00000000abc00000|100%| E|CS|TAMS 0x00000000abb00000, 0x00000000abb00000| Complete 
| 150|0x00000000abc00000, 0x00000000abd00000, 0x00000000abd00000|100%| E|CS|TAMS 0x00000000abc00000, 0x00000000abc00000| Complete 
| 151|0x00000000abd00000, 0x00000000abe00000, 0x00000000abe00000|100%| E|CS|TAMS 0x00000000abd00000, 0x00000000abd00000| Complete 
| 152|0x00000000abe00000, 0x00000000abf00000, 0x00000000abf00000|100%| E|CS|TAMS 0x00000000abe00000, 0x00000000abe00000| Complete 
| 153|0x00000000abf00000, 0x00000000ac000000, 0x00000000ac000000|100%| E|CS|TAMS 0x00000000abf00000, 0x00000000abf00000| Complete 
| 154|0x00000000ac000000, 0x00000000ac100000, 0x00000000ac100000|100%| E|CS|TAMS 0x00000000ac000000, 0x00000000ac000000| Complete 
| 155|0x00000000ac100000, 0x00000000ac200000, 0x00000000ac200000|100%| E|CS|TAMS 0x00000000ac100000, 0x00000000ac100000| Complete 
| 156|0x00000000ac200000, 0x00000000ac300000, 0x00000000ac300000|100%| E|CS|TAMS 0x00000000ac200000, 0x00000000ac200000| Complete 
| 157|0x00000000ac300000, 0x00000000ac400000, 0x00000000ac400000|100%| E|CS|TAMS 0x00000000ac300000, 0x00000000ac300000| Complete 
| 158|0x00000000ac400000, 0x00000000ac500000, 0x00000000ac500000|100%| E|CS|TAMS 0x00000000ac400000, 0x00000000ac400000| Complete 
| 159|0x00000000ac500000, 0x00000000ac600000, 0x00000000ac600000|100%| E|CS|TAMS 0x00000000ac500000, 0x00000000ac500000| Complete 
| 160|0x00000000ac600000, 0x00000000ac700000, 0x00000000ac700000|100%| E|CS|TAMS 0x00000000ac600000, 0x00000000ac600000| Complete 
| 161|0x00000000ac700000, 0x00000000ac800000, 0x00000000ac800000|100%| E|CS|TAMS 0x00000000ac700000, 0x00000000ac700000| Complete 
| 162|0x00000000ac800000, 0x00000000ac900000, 0x00000000ac900000|100%| E|CS|TAMS 0x00000000ac800000, 0x00000000ac800000| Complete 
| 163|0x00000000ac900000, 0x00000000aca00000, 0x00000000aca00000|100%| E|CS|TAMS 0x00000000ac900000, 0x00000000ac900000| Complete 
| 164|0x00000000aca00000, 0x00000000acb00000, 0x00000000acb00000|100%| E|  |TAMS 0x00000000aca00000, 0x00000000aca00000| Complete 
| 165|0x00000000acb00000, 0x00000000acc00000, 0x00000000acc00000|100%| E|CS|TAMS 0x00000000acb00000, 0x00000000acb00000| Complete 
| 166|0x00000000acc00000, 0x00000000acd00000, 0x00000000acd00000|100%| E|CS|TAMS 0x00000000acc00000, 0x00000000acc00000| Complete 
| 167|0x00000000acd00000, 0x00000000ace00000, 0x00000000ace00000|100%| E|CS|TAMS 0x00000000acd00000, 0x00000000acd00000| Complete 
| 168|0x00000000ace00000, 0x00000000acf00000, 0x00000000acf00000|100%| E|CS|TAMS 0x00000000ace00000, 0x00000000ace00000| Complete 
| 169|0x00000000acf00000, 0x00000000ad000000, 0x00000000ad000000|100%| E|CS|TAMS 0x00000000acf00000, 0x00000000acf00000| Complete 
| 170|0x00000000ad000000, 0x00000000ad100000, 0x00000000ad100000|100%| E|CS|TAMS 0x00000000ad000000, 0x00000000ad000000| Complete 
| 171|0x00000000ad100000, 0x00000000ad200000, 0x00000000ad200000|100%| E|CS|TAMS 0x00000000ad100000, 0x00000000ad100000| Complete 

Card table byte_map: [0x00000162d8600000,0x00000162d88f0000] _byte_map_base: 0x00000162d80ed000

Marking Bits (Prev, Next): (CMBitMap*) 0x00000162c382db20, (CMBitMap*) 0x00000162c382dae0
 Prev Bits: [0x00000162da350000, 0x00000162dbab8000)
 Next Bits: [0x00000162d8be0000, 0x00000162da348000)

Polling page: 0x00000162c38a0000

Metaspace:

Usage:
  Non-class:     39.33 MB used.
      Class:      4.70 MB used.
       Both:     44.03 MB used.

Virtual space:
  Non-class space:       48.00 MB reserved,      39.56 MB ( 82%) committed,  6 nodes.
      Class space:        1.00 GB reserved,       4.88 MB ( <1%) committed,  1 nodes.
             Both:        1.05 GB reserved,      44.44 MB (  4%) committed. 

Chunk freelists:
   Non-Class:  3.62 MB
       Class:  3.14 MB
        Both:  6.77 MB

MaxMetaspaceSize: unlimited
CompressedClassSpaceSize: 1.00 GB
Initial GC threshold: 21.00 MB
Current GC threshold: 58.12 MB
CDS: off
MetaspaceReclaimPolicy: balanced
 - commit_granule_bytes: 65536.
 - commit_granule_words: 8192.
 - virtual_space_node_default_size: 1048576.
 - enlarge_chunks_in_place: 1.
 - new_chunks_are_fully_committed: 0.
 - uncommit_free_chunks: 1.
 - use_allocation_guard: 0.
 - handle_deallocations: 1.


Internal statistics:

num_allocs_failed_limit: 3.
num_arena_births: 316.
num_arena_deaths: 0.
num_vsnodes_births: 7.
num_vsnodes_deaths: 0.
num_space_committed: 711.
num_space_uncommitted: 0.
num_chunks_returned_to_freelist: 3.
num_chunks_taken_from_freelist: 1643.
num_chunk_merges: 3.
num_chunk_splits: 1139.
num_chunks_enlarged: 862.
num_purges: 0.
num_inconsistent_stats: 0.

CodeHeap 'non-profiled nmethods': size=120000Kb used=4622Kb max_used=4622Kb free=115377Kb
 bounds [0x00000162d0150000, 0x00000162d05e0000, 0x00000162d7680000]
CodeHeap 'profiled nmethods': size=120000Kb used=16173Kb max_used=16173Kb free=103827Kb
 bounds [0x00000162c8680000, 0x00000162c9650000, 0x00000162cfbb0000]
CodeHeap 'non-nmethods': size=5760Kb used=1250Kb max_used=1294Kb free=4509Kb
 bounds [0x00000162cfbb0000, 0x00000162cfe20000, 0x00000162d0150000]
 total_blobs=8026 nmethods=7461 adapters=477
 compilation: enabled
              stopped_count=0, restarted_count=0
 full_count=0

Compilation events (20 events):
Event: 12.363 Thread 0x00000162df04a000 8246       1       org.apache.maven.project.MavenProject::getArtifact (5 bytes)
Event: 12.363 Thread 0x00000162df04a000 nmethod 8246 0x00000162d05d3190 code [0x00000162d05d3320, 0x00000162d05d33f8]
Event: 12.364 Thread 0x00000162df04a000 8247       3       org.springframework.boot.maven.ArtifactsLibraries::getFileName (81 bytes)
Event: 12.365 Thread 0x00000162df04a000 nmethod 8247 0x00000162c9648410 code [0x00000162c9648700, 0x00000162c96494a8]
Event: 12.365 Thread 0x00000162df04a000 8248       1       org.springframework.boot.loader.tools.Library::getScope (5 bytes)
Event: 12.365 Thread 0x00000162df04a000 nmethod 8248 0x00000162d05d3490 code [0x00000162d05d3620, 0x00000162d05d36f8]
Event: 12.365 Thread 0x00000162df04a000 8249       1       org.springframework.boot.loader.tools.Layouts$Jar::getLibraryLocation (3 bytes)
Event: 12.365 Thread 0x00000162df04a000 nmethod 8249 0x00000162d05d3790 code [0x00000162d05d3920, 0x00000162d05d39f8]
Event: 12.366 Thread 0x00000162df04a000 8250       3       java.lang.invoke.DirectMethodHandle$Holder::invokeStatic (15 bytes)
Event: 12.366 Thread 0x00000162df04a000 nmethod 8250 0x00000162c9649a10 code [0x00000162c9649be0, 0x00000162c964a118]
Event: 12.380 Thread 0x00000162df04a000 8251       3       org.springframework.asm.ClassReader::readUnsignedShort (26 bytes)
Event: 12.381 Thread 0x00000162df04a000 nmethod 8251 0x00000162c964a210 code [0x00000162c964a3a0, 0x00000162c964a518]
Event: 12.381 Thread 0x00000162df04a000 8252       3       org.springframework.asm.ClassReader::readUtf (161 bytes)
Event: 12.381 Thread 0x00000162df04a000 nmethod 8252 0x00000162c964a610 code [0x00000162c964a7e0, 0x00000162c964ac48]
Event: 12.381 Thread 0x00000162df04a000 8253       3       org.springframework.asm.ClassReader::readUtf (44 bytes)
Event: 12.382 Thread 0x00000162df04a000 nmethod 8253 0x00000162c964af10 code [0x00000162c964b0e0, 0x00000162c964b4b8]
Event: 12.382 Thread 0x00000162df04a000 8254       3       org.springframework.asm.ClassReader::readUTF8 (23 bytes)
Event: 12.382 Thread 0x00000162df04a000 nmethod 8254 0x00000162c964b690 code [0x00000162c964b840, 0x00000162c964ba98]
Event: 12.382 Thread 0x00000162df04a000 8256       3       org.springframework.asm.ClassReader::readInt (52 bytes)
Event: 12.382 Thread 0x00000162df04a000 nmethod 8256 0x00000162c964bb90 code [0x00000162c964bd20, 0x00000162c964bef8]

GC Heap History (20 events):
Event: 7.361 GC heap before
{Heap before GC invocations=21 (full 0):
 garbage-first heap   total 87040K, used 65536K [0x00000000a2600000, 0x0000000100000000)
  region size 1024K, 17 young (17408K), 3 survivors (3072K)
 Metaspace       used 34016K, committed 34240K, reserved 1081344K
  class space    used 3559K, committed 3648K, reserved 1048576K
}
Event: 7.367 GC heap after
{Heap after GC invocations=22 (full 0):
 garbage-first heap   total 87040K, used 53766K [0x00000000a2600000, 0x0000000100000000)
  region size 1024K, 3 young (3072K), 3 survivors (3072K)
 Metaspace       used 34016K, committed 34240K, reserved 1081344K
  class space    used 3559K, committed 3648K, reserved 1048576K
}
Event: 7.516 GC heap before
{Heap before GC invocations=23 (full 0):
 garbage-first heap   total 96256K, used 68102K [0x00000000a2600000, 0x0000000100000000)
  region size 1024K, 16 young (16384K), 3 survivors (3072K)
 Metaspace       used 34264K, committed 34496K, reserved 1081344K
  class space    used 3567K, committed 3648K, reserved 1048576K
}
Event: 7.524 GC heap after
{Heap after GC invocations=24 (full 0):
 garbage-first heap   total 96256K, used 57344K [0x00000000a2600000, 0x0000000100000000)
  region size 1024K, 2 young (2048K), 2 survivors (2048K)
 Metaspace       used 34264K, committed 34496K, reserved 1081344K
  class space    used 3567K, committed 3648K, reserved 1048576K
}
Event: 7.547 GC heap before
{Heap before GC invocations=24 (full 0):
 garbage-first heap   total 96256K, used 58368K [0x00000000a2600000, 0x0000000100000000)
  region size 1024K, 4 young (4096K), 2 survivors (2048K)
 Metaspace       used 34365K, committed 34688K, reserved 1081344K
  class space    used 3582K, committed 3712K, reserved 1048576K
}
Event: 7.553 GC heap after
{Heap after GC invocations=25 (full 0):
 garbage-first heap   total 96256K, used 57799K [0x00000000a2600000, 0x0000000100000000)
  region size 1024K, 1 young (1024K), 1 survivors (1024K)
 Metaspace       used 34365K, committed 34688K, reserved 1081344K
  class space    used 3582K, committed 3712K, reserved 1048576K
}
Event: 7.978 GC heap before
{Heap before GC invocations=25 (full 0):
 garbage-first heap   total 96256K, used 72135K [0x00000000a2600000, 0x0000000100000000)
  region size 1024K, 16 young (16384K), 1 survivors (1024K)
 Metaspace       used 35367K, committed 35648K, reserved 1081344K
  class space    used 3704K, committed 3776K, reserved 1048576K
}
Event: 7.983 GC heap after
{Heap after GC invocations=26 (full 0):
 garbage-first heap   total 176128K, used 58289K [0x00000000a2600000, 0x0000000100000000)
  region size 1024K, 1 young (1024K), 1 survivors (1024K)
 Metaspace       used 35367K, committed 35648K, reserved 1081344K
  class space    used 3704K, committed 3776K, reserved 1048576K
}
Event: 8.757 GC heap before
{Heap before GC invocations=27 (full 0):
 garbage-first heap   total 176128K, used 110513K [0x00000000a2600000, 0x0000000100000000)
  region size 1024K, 53 young (54272K), 1 survivors (1024K)
 Metaspace       used 38170K, committed 38528K, reserved 1089536K
  class space    used 4038K, committed 4224K, reserved 1048576K
}
Event: 8.762 GC heap after
{Heap after GC invocations=28 (full 0):
 garbage-first heap   total 176128K, used 59756K [0x00000000a2600000, 0x0000000100000000)
  region size 1024K, 3 young (3072K), 3 survivors (3072K)
 Metaspace       used 38170K, committed 38528K, reserved 1089536K
  class space    used 4038K, committed 4224K, reserved 1048576K
}
Event: 8.886 GC heap before
{Heap before GC invocations=28 (full 0):
 garbage-first heap   total 176128K, used 63852K [0x00000000a2600000, 0x0000000100000000)
  region size 1024K, 8 young (8192K), 3 survivors (3072K)
 Metaspace       used 38503K, committed 38848K, reserved 1089536K
  class space    used 4061K, committed 4224K, reserved 1048576K
}
Event: 8.891 GC heap after
{Heap after GC invocations=29 (full 0):
 garbage-first heap   total 176128K, used 59860K [0x00000000a2600000, 0x0000000100000000)
  region size 1024K, 1 young (1024K), 1 survivors (1024K)
 Metaspace       used 38503K, committed 38848K, reserved 1089536K
  class space    used 4061K, committed 4224K, reserved 1048576K
}
Event: 9.824 GC heap before
{Heap before GC invocations=29 (full 0):
 garbage-first heap   total 176128K, used 141780K [0x00000000a2600000, 0x0000000100000000)
  region size 1024K, 75 young (76800K), 1 survivors (1024K)
 Metaspace       used 38789K, committed 39104K, reserved 1089536K
  class space    used 4070K, committed 4224K, reserved 1048576K
}
Event: 9.835 GC heap after
{Heap after GC invocations=30 (full 0):
 garbage-first heap   total 176128K, used 83043K [0x00000000a2600000, 0x0000000100000000)
  region size 1024K, 10 young (10240K), 10 survivors (10240K)
 Metaspace       used 38789K, committed 39104K, reserved 1089536K
  class space    used 4070K, committed 4224K, reserved 1048576K
}
Event: 10.537 GC heap before
{Heap before GC invocations=30 (full 0):
 garbage-first heap   total 176128K, used 129123K [0x00000000a2600000, 0x0000000100000000)
  region size 1024K, 56 young (57344K), 10 survivors (10240K)
 Metaspace       used 40117K, committed 40512K, reserved 1089536K
  class space    used 4223K, committed 4416K, reserved 1048576K
}
Event: 10.544 GC heap after
{Heap after GC invocations=31 (full 0):
 garbage-first heap   total 176128K, used 88906K [0x00000000a2600000, 0x0000000100000000)
  region size 1024K, 5 young (5120K), 5 survivors (5120K)
 Metaspace       used 40117K, committed 40512K, reserved 1089536K
  class space    used 4223K, committed 4416K, reserved 1048576K
}
Event: 11.135 GC heap before
{Heap before GC invocations=31 (full 0):
 garbage-first heap   total 176128K, used 133962K [0x00000000a2600000, 0x0000000100000000)
  region size 1024K, 49 young (50176K), 5 survivors (5120K)
 Metaspace       used 41290K, committed 41728K, reserved 1089536K
  class space    used 4310K, committed 4544K, reserved 1048576K
}
Event: 11.141 GC heap after
{Heap after GC invocations=32 (full 0):
 garbage-first heap   total 176128K, used 90807K [0x00000000a2600000, 0x0000000100000000)
  region size 1024K, 3 young (3072K), 3 survivors (3072K)
 Metaspace       used 41290K, committed 41728K, reserved 1089536K
  class space    used 4310K, committed 4544K, reserved 1048576K
}
Event: 11.902 GC heap before
{Heap before GC invocations=32 (full 0):
 garbage-first heap   total 176128K, used 153271K [0x00000000a2600000, 0x0000000100000000)
  region size 1024K, 48 young (49152K), 3 survivors (3072K)
 Metaspace       used 43611K, committed 44032K, reserved 1089536K
  class space    used 4613K, committed 4800K, reserved 1048576K
}
Event: 11.907 GC heap after
{Heap after GC invocations=33 (full 0):
 garbage-first heap   total 176128K, used 93305K [0x00000000a2600000, 0x0000000100000000)
  region size 1024K, 6 young (6144K), 6 survivors (6144K)
 Metaspace       used 43611K, committed 44032K, reserved 1089536K
  class space    used 4613K, committed 4800K, reserved 1048576K
}

Dll operation events (7 events):
Event: 0.011 Loaded shared library C:\Users\Akshay Pramod Kadam\Downloads\sts-4.17.2.RELEASE\plugins\org.eclipse.justj.openjdk.hotspot.jre.full.win32.x86_64_17.0.6.v20230125-1136\jre\bin\java.dll
Event: 0.097 Loaded shared library C:\Users\Akshay Pramod Kadam\Downloads\sts-4.17.2.RELEASE\plugins\org.eclipse.justj.openjdk.hotspot.jre.full.win32.x86_64_17.0.6.v20230125-1136\jre\bin\net.dll
Event: 0.099 Loaded shared library C:\Users\Akshay Pramod Kadam\Downloads\sts-4.17.2.RELEASE\plugins\org.eclipse.justj.openjdk.hotspot.jre.full.win32.x86_64_17.0.6.v20230125-1136\jre\bin\nio.dll
Event: 0.106 Loaded shared library C:\Users\Akshay Pramod Kadam\Downloads\sts-4.17.2.RELEASE\plugins\org.eclipse.justj.openjdk.hotspot.jre.full.win32.x86_64_17.0.6.v20230125-1136\jre\bin\zip.dll
Event: 0.279 Loaded shared library C:\Users\Akshay Pramod Kadam\Downloads\sts-4.17.2.RELEASE\plugins\org.eclipse.justj.openjdk.hotspot.jre.full.win32.x86_64_17.0.6.v20230125-1136\jre\bin\jimage.dll
Event: 0.922 Loaded shared library C:\Users\Akshay Pramod Kadam\AppData\Local\Temp\jansi-2.4.0-3653ce0a964fe0a3-jansi.dll
Event: 0.937 Loaded shared library C:\Users\Akshay Pramod Kadam\Downloads\sts-4.17.2.RELEASE\plugins\org.eclipse.justj.openjdk.hotspot.jre.full.win32.x86_64_17.0.6.v20230125-1136\jre\bin\verify.dll

Deoptimization events (20 events):
Event: 12.398 Thread 0x00000162c37e09e0 Uncommon trap: trap_request=0xffffffde fr.pc=0x00000162d056eee4 relative=0x0000000000000224
Event: 12.398 Thread 0x00000162c37e09e0 Uncommon trap: reason=class_check action=maybe_recompile pc=0x00000162d056eee4 method=java.io.FilterInputStream.read([BII)I @ 7 c2
Event: 12.398 Thread 0x00000162c37e09e0 DEOPT PACKING pc=0x00000162d056eee4 sp=0x0000001f489fd7e0
Event: 12.398 Thread 0x00000162c37e09e0 DEOPT UNPACKING pc=0x00000162cfc069a3 sp=0x0000001f489fd6c8 mode 2
Event: 12.398 Thread 0x00000162c37e09e0 Uncommon trap: trap_request=0xffffffde fr.pc=0x00000162d056e498 relative=0x0000000000000458
Event: 12.398 Thread 0x00000162c37e09e0 Uncommon trap: reason=class_check action=maybe_recompile pc=0x00000162d056e498 method=java.io.FilterInputStream.read([BII)I @ 7 c2
Event: 12.398 Thread 0x00000162c37e09e0 DEOPT PACKING pc=0x00000162d056e498 sp=0x0000001f489fd650
Event: 12.398 Thread 0x00000162c37e09e0 DEOPT UNPACKING pc=0x00000162cfc069a3 sp=0x0000001f489fd510 mode 2
Event: 12.398 Thread 0x00000162c37e09e0 Uncommon trap: trap_request=0xffffffde fr.pc=0x00000162d056e498 relative=0x0000000000000458
Event: 12.398 Thread 0x00000162c37e09e0 Uncommon trap: reason=class_check action=maybe_recompile pc=0x00000162d056e498 method=java.io.FilterInputStream.read([BII)I @ 7 c2
Event: 12.398 Thread 0x00000162c37e09e0 DEOPT PACKING pc=0x00000162d056e498 sp=0x0000001f489fd580
Event: 12.398 Thread 0x00000162c37e09e0 DEOPT UNPACKING pc=0x00000162cfc069a3 sp=0x0000001f489fd440 mode 2
Event: 12.398 Thread 0x00000162c37e09e0 Uncommon trap: trap_request=0xffffff45 fr.pc=0x00000162d038e564 relative=0x0000000000000484
Event: 12.399 Thread 0x00000162c37e09e0 Uncommon trap: reason=unstable_if action=reinterpret pc=0x00000162d038e564 method=java.util.zip.ZipInputStream.read([BII)I @ 38 c2
Event: 12.399 Thread 0x00000162c37e09e0 DEOPT PACKING pc=0x00000162d038e564 sp=0x0000001f489fd790
Event: 12.399 Thread 0x00000162c37e09e0 DEOPT UNPACKING pc=0x00000162cfc069a3 sp=0x0000001f489fd770 mode 2
Event: 12.399 Thread 0x00000162c37e09e0 Uncommon trap: trap_request=0xffffffde fr.pc=0x00000162d038da78 relative=0x0000000000000158
Event: 12.399 Thread 0x00000162c37e09e0 Uncommon trap: reason=class_check action=maybe_recompile pc=0x00000162d038da78 method=java.io.FilterInputStream.read([BII)I @ 7 c2
Event: 12.399 Thread 0x00000162c37e09e0 DEOPT PACKING pc=0x00000162d038da78 sp=0x0000001f489fd5d0
Event: 12.399 Thread 0x00000162c37e09e0 DEOPT UNPACKING pc=0x00000162cfc069a3 sp=0x0000001f489fd518 mode 2

Classes unloaded (0 events):
No events

Classes redefined (0 events):
No events

Internal exceptions (20 events):
Event: 10.717 Thread 0x00000162c37e09e0 Exception <a 'sun/nio/fs/WindowsException'{0x00000000abf9f0f0}> (0x00000000abf9f0f0) 
thrown [s\src\hotspot\share\prims\jni.cpp, line 516]
Event: 10.717 Thread 0x00000162c37e09e0 Exception <a 'sun/nio/fs/WindowsException'{0x00000000abf9f510}> (0x00000000abf9f510) 
thrown [s\src\hotspot\share\prims\jni.cpp, line 516]
Event: 10.717 Thread 0x00000162c37e09e0 Exception <a 'sun/nio/fs/WindowsException'{0x00000000abfa1068}> (0x00000000abfa1068) 
thrown [s\src\hotspot\share\prims\jni.cpp, line 516]
Event: 10.717 Thread 0x00000162c37e09e0 Exception <a 'sun/nio/fs/WindowsException'{0x00000000abfa1548}> (0x00000000abfa1548) 
thrown [s\src\hotspot\share\prims\jni.cpp, line 516]
Event: 10.731 Thread 0x00000162c37e09e0 Exception <a 'sun/nio/fs/WindowsException'{0x00000000abe88000}> (0x00000000abe88000) 
thrown [s\src\hotspot\share\prims\jni.cpp, line 516]
Event: 10.731 Thread 0x00000162c37e09e0 Exception <a 'sun/nio/fs/WindowsException'{0x00000000abe88740}> (0x00000000abe88740) 
thrown [s\src\hotspot\share\prims\jni.cpp, line 516]
Event: 10.731 Thread 0x00000162c37e09e0 Exception <a 'sun/nio/fs/WindowsException'{0x00000000abe89b18}> (0x00000000abe89b18) 
thrown [s\src\hotspot\share\prims\jni.cpp, line 516]
Event: 10.731 Thread 0x00000162c37e09e0 Exception <a 'sun/nio/fs/WindowsException'{0x00000000abe8a320}> (0x00000000abe8a320) 
thrown [s\src\hotspot\share\prims\jni.cpp, line 516]
Event: 10.731 Thread 0x00000162c37e09e0 Exception <a 'sun/nio/fs/WindowsException'{0x00000000abe8a8e0}> (0x00000000abe8a8e0) 
thrown [s\src\hotspot\share\prims\jni.cpp, line 516]
Event: 10.731 Thread 0x00000162c37e09e0 Exception <a 'sun/nio/fs/WindowsException'{0x00000000abe8b0d0}> (0x00000000abe8b0d0) 
thrown [s\src\hotspot\share\prims\jni.cpp, line 516]
Event: 10.731 Thread 0x00000162c37e09e0 Exception <a 'sun/nio/fs/WindowsException'{0x00000000abe8b550}> (0x00000000abe8b550) 
thrown [s\src\hotspot\share\prims\jni.cpp, line 516]
Event: 10.732 Thread 0x00000162c37e09e0 Exception <a 'sun/nio/fs/WindowsException'{0x00000000abe8c2a0}> (0x00000000abe8c2a0) 
thrown [s\src\hotspot\share\prims\jni.cpp, line 516]
Event: 11.120 Thread 0x00000162e317bac0 Implicit null exception at 0x00000162d02fcd0e to 0x00000162d02fcdd4
Event: 11.122 Thread 0x00000162c37e09e0 Exception <a 'java/lang/NoSuchMethodError'{0x00000000aa79c078}: 'java.lang.String org.apache.maven.execution.MavenExecutionRequest.getFailureBehavior()'> (0x00000000aa79c078) 
thrown [s\src\hotspot\share\interpreter\linkResolver.cpp, line 855]
Event: 11.128 Thread 0x00000162e317bac0 Exception <a 'java/lang/NoSuchMethodError'{0x00000000aa9c7010}: 'java.lang.Object java.lang.invoke.DirectMethodHandle$Holder.invokeStaticInit(java.lang.Object, java.lang.Object, long, java.lang.Object)'> (0x00000000aa9c7010) 
thrown [s\src\hotspot\share\interpreter\linkResolver.cpp, line 759]
Event: 11.128 Thread 0x00000162e317bac0 Exception <a 'java/lang/NoSuchMethodError'{0x00000000aa9cd700}: 'java.lang.Object java.lang.invoke.DirectMethodHandle$Holder.newInvokeSpecial(java.lang.Object, java.lang.Object, long)'> (0x00000000aa9cd700) 
thrown [s\src\hotspot\share\interpreter\linkResolver.cpp, line 759]
Event: 11.128 Thread 0x00000162e317bac0 Exception <a 'java/lang/NoSuchMethodError'{0x00000000aa9d1270}: 'java.lang.Object java.lang.invoke.Invokers$Holder.linkToTargetMethod(java.lang.Object, long, java.lang.Object)'> (0x00000000aa9d1270) 
thrown [s\src\hotspot\share\interpreter\linkResolver.cpp, line 759]
Event: 11.445 Thread 0x00000162c37e09e0 Exception <a 'java/lang/NoSuchMethodError'{0x00000000abf00560}: 'void java.lang.invoke.DirectMethodHandle$Holder.invokeStaticInit(java.lang.Object, java.lang.Object)'> (0x00000000abf00560) 
thrown [s\src\hotspot\share\interpreter\linkResolver.cpp, line 759]
Event: 11.936 Thread 0x00000162c37e09e0 Exception <a 'java/lang/NoClassDefFoundError'{0x00000000acfca568}: org/sonatype/aether/graph/Dependency> (0x00000000acfca568) 
thrown [s\src\hotspot\share\classfile\systemDictionary.cpp, line 245]
Event: 12.398 Thread 0x00000162c37e09e0 Implicit null exception at 0x00000162d038e160 to 0x00000162d038e544

VM Operations (20 events):
Event: 11.135 Executing VM operation: G1CollectForAllocation
Event: 11.141 Executing VM operation: G1CollectForAllocation done
Event: 11.308 Executing VM operation: HandshakeAllThreads
Event: 11.308 Executing VM operation: HandshakeAllThreads done
Event: 11.326 Executing VM operation: HandshakeAllThreads
Event: 11.326 Executing VM operation: HandshakeAllThreads done
Event: 11.360 Executing VM operation: HandshakeAllThreads
Event: 11.360 Executing VM operation: HandshakeAllThreads done
Event: 11.379 Executing VM operation: HandshakeAllThreads
Event: 11.380 Executing VM operation: HandshakeAllThreads done
Event: 11.388 Executing VM operation: HandshakeAllThreads
Event: 11.388 Executing VM operation: HandshakeAllThreads done
Event: 11.454 Executing VM operation: HandshakeAllThreads
Event: 11.454 Executing VM operation: HandshakeAllThreads done
Event: 11.902 Executing VM operation: G1CollectForAllocation
Event: 11.907 Executing VM operation: G1CollectForAllocation done
Event: 12.070 Executing VM operation: HandshakeAllThreads
Event: 12.070 Executing VM operation: HandshakeAllThreads done
Event: 12.344 Executing VM operation: HandshakeAllThreads
Event: 12.344 Executing VM operation: HandshakeAllThreads done

Events (20 events):
Event: 11.973 loading class java/lang/invoke/BoundMethodHandle$Species_LLLLLLLL
Event: 11.973 loading class java/lang/invoke/BoundMethodHandle$Species_LLLLLLLL done
Event: 11.974 loading class java/lang/invoke/BoundMethodHandle$Species_LLLLLLLLL
Event: 11.975 loading class java/lang/invoke/BoundMethodHandle$Species_LLLLLLLLL done
Event: 11.975 loading class java/lang/invoke/LambdaFormEditor$1
Event: 11.975 loading class java/lang/invoke/LambdaFormEditor$1 done
Event: 12.063 loading class java/net/HttpURLConnection
Event: 12.064 loading class java/net/HttpURLConnection done
Event: 12.068 loading class java/util/stream/DistinctOps
Event: 12.069 loading class java/util/stream/DistinctOps done
Event: 12.069 loading class java/util/stream/DistinctOps$1
Event: 12.069 loading class java/util/stream/ReferencePipeline$StatefulOp
Event: 12.069 loading class java/util/stream/ReferencePipeline$StatefulOp done
Event: 12.069 loading class java/util/stream/DistinctOps$1 done
Event: 12.070 loading class java/util/stream/DistinctOps$1$2
Event: 12.070 loading class java/util/stream/DistinctOps$1$2 done
Event: 12.343 loading class java/util/jar/JarInputStream
Event: 12.343 loading class java/util/jar/JarInputStream done
Event: 12.373 loading class java/io/FileFilter
Event: 12.373 loading class java/io/FileFilter done


Dynamic libraries:
0x00007ff60b750000 - 0x00007ff60b75e000 	C:\Users\Akshay Pramod Kadam\Downloads\sts-4.17.2.RELEASE\plugins\org.eclipse.justj.openjdk.hotspot.jre.full.win32.x86_64_17.0.6.v20230125-1136\jre\bin\javaw.exe
0x00007ffd80f70000 - 0x00007ffd81184000 	C:\WINDOWS\SYSTEM32\ntdll.dll
0x00007ffd7fb40000 - 0x00007ffd7fc02000 	C:\WINDOWS\System32\KERNEL32.DLL
0x00007ffd7e810000 - 0x00007ffd7ebb3000 	C:\WINDOWS\System32\KERNELBASE.dll
0x00007ffd7e620000 - 0x00007ffd7e731000 	C:\WINDOWS\System32\ucrtbase.dll
0x00007ffd5ab00000 - 0x00007ffd5ab17000 	C:\Users\Akshay Pramod Kadam\Downloads\sts-4.17.2.RELEASE\plugins\org.eclipse.justj.openjdk.hotspot.jre.full.win32.x86_64_17.0.6.v20230125-1136\jre\bin\jli.dll
0x00007ffd32d70000 - 0x00007ffd32d89000 	C:\Users\Akshay Pramod Kadam\Downloads\sts-4.17.2.RELEASE\plugins\org.eclipse.justj.openjdk.hotspot.jre.full.win32.x86_64_17.0.6.v20230125-1136\jre\bin\VCRUNTIME140.dll
0x00007ffd7f350000 - 0x00007ffd7f4fb000 	C:\WINDOWS\System32\USER32.dll
0x00007ffd7e740000 - 0x00007ffd7e766000 	C:\WINDOWS\System32\win32u.dll
0x00007ffd7f320000 - 0x00007ffd7f349000 	C:\WINDOWS\System32\GDI32.dll
0x00007ffd66560000 - 0x00007ffd667ee000 	C:\WINDOWS\WinSxS\amd64_microsoft.windows.common-controls_6595b64144ccf1df_6.0.22621.1635_none_270f70857386168e\COMCTL32.dll
0x00007ffd7e390000 - 0x00007ffd7e4a8000 	C:\WINDOWS\System32\gdi32full.dll
0x00007ffd7e770000 - 0x00007ffd7e80a000 	C:\WINDOWS\System32\msvcp_win.dll
0x00007ffd7f5e0000 - 0x00007ffd7f687000 	C:\WINDOWS\System32\msvcrt.dll
0x00007ffd80160000 - 0x00007ffd80191000 	C:\WINDOWS\System32\IMM32.DLL
0x00007ffd4e670000 - 0x00007ffd4e67c000 	C:\Users\Akshay Pramod Kadam\Downloads\sts-4.17.2.RELEASE\plugins\org.eclipse.justj.openjdk.hotspot.jre.full.win32.x86_64_17.0.6.v20230125-1136\jre\bin\vcruntime140_1.dll
0x00007ffd07e80000 - 0x00007ffd07f11000 	C:\Users\Akshay Pramod Kadam\Downloads\sts-4.17.2.RELEASE\plugins\org.eclipse.justj.openjdk.hotspot.jre.full.win32.x86_64_17.0.6.v20230125-1136\jre\bin\msvcp140.dll
0x00007ffce5f30000 - 0x00007ffce6b77000 	C:\Users\Akshay Pramod Kadam\Downloads\sts-4.17.2.RELEASE\plugins\org.eclipse.justj.openjdk.hotspot.jre.full.win32.x86_64_17.0.6.v20230125-1136\jre\bin\server\jvm.dll
0x00007ffd7ed70000 - 0x00007ffd7ee1e000 	C:\WINDOWS\System32\ADVAPI32.dll
0x00007ffd80210000 - 0x00007ffd802b4000 	C:\WINDOWS\System32\sechost.dll
0x00007ffd7fa20000 - 0x00007ffd7fb37000 	C:\WINDOWS\System32\RPCRT4.dll
0x00007ffd777f0000 - 0x00007ffd77824000 	C:\WINDOWS\SYSTEM32\WINMM.dll
0x00007ffd779f0000 - 0x00007ffd779f9000 	C:\WINDOWS\SYSTEM32\WSOCK32.dll
0x00007ffd755a0000 - 0x00007ffd755aa000 	C:\WINDOWS\SYSTEM32\VERSION.dll
0x00007ffd802c0000 - 0x00007ffd80331000 	C:\WINDOWS\System32\WS2_32.dll
0x00007ffd7d3b0000 - 0x00007ffd7d3c8000 	C:\WINDOWS\SYSTEM32\kernel.appcore.dll
0x00007ffd7a690000 - 0x00007ffd7a69a000 	C:\Users\Akshay Pramod Kadam\Downloads\sts-4.17.2.RELEASE\plugins\org.eclipse.justj.openjdk.hotspot.jre.full.win32.x86_64_17.0.6.v20230125-1136\jre\bin\jimage.dll
0x00007ffd7bfb0000 - 0x00007ffd7c1de000 	C:\WINDOWS\SYSTEM32\DBGHELP.DLL
0x00007ffd7f690000 - 0x00007ffd7fa19000 	C:\WINDOWS\System32\combase.dll
0x00007ffd804f0000 - 0x00007ffd805c7000 	C:\WINDOWS\System32\OLEAUT32.dll
0x00007ffd76060000 - 0x00007ffd76092000 	C:\WINDOWS\SYSTEM32\dbgcore.DLL
0x00007ffd7ebc0000 - 0x00007ffd7ec3b000 	C:\WINDOWS\System32\bcryptPrimitives.dll
0x00007ffd3f280000 - 0x00007ffd3f2a5000 	C:\Users\Akshay Pramod Kadam\Downloads\sts-4.17.2.RELEASE\plugins\org.eclipse.justj.openjdk.hotspot.jre.full.win32.x86_64_17.0.6.v20230125-1136\jre\bin\java.dll
0x00007ffd40690000 - 0x00007ffd406a8000 	C:\Users\Akshay Pramod Kadam\Downloads\sts-4.17.2.RELEASE\plugins\org.eclipse.justj.openjdk.hotspot.jre.full.win32.x86_64_17.0.6.v20230125-1136\jre\bin\zip.dll
0x00007ffd80630000 - 0x00007ffd80e2a000 	C:\WINDOWS\System32\SHELL32.dll
0x00007ffd7c340000 - 0x00007ffd7cc0e000 	C:\WINDOWS\SYSTEM32\windows.storage.dll
0x00007ffd7c200000 - 0x00007ffd7c33e000 	C:\WINDOWS\SYSTEM32\wintypes.dll
0x00007ffd7fc20000 - 0x00007ffd7fd11000 	C:\WINDOWS\System32\SHCORE.dll
0x00007ffd801a0000 - 0x00007ffd801fe000 	C:\WINDOWS\System32\shlwapi.dll
0x00007ffd7e2c0000 - 0x00007ffd7e2e1000 	C:\WINDOWS\SYSTEM32\profapi.dll
0x00007ffd3f340000 - 0x00007ffd3f359000 	C:\Users\Akshay Pramod Kadam\Downloads\sts-4.17.2.RELEASE\plugins\org.eclipse.justj.openjdk.hotspot.jre.full.win32.x86_64_17.0.6.v20230125-1136\jre\bin\net.dll
0x00007ffd772e0000 - 0x00007ffd77417000 	C:\WINDOWS\SYSTEM32\WINHTTP.dll
0x00007ffd7d850000 - 0x00007ffd7d8b9000 	C:\WINDOWS\system32\mswsock.dll
0x00007ffd34040000 - 0x00007ffd34055000 	C:\Users\Akshay Pramod Kadam\Downloads\sts-4.17.2.RELEASE\plugins\org.eclipse.justj.openjdk.hotspot.jre.full.win32.x86_64_17.0.6.v20230125-1136\jre\bin\nio.dll
0x0000000069ac0000 - 0x0000000069ae4000 	C:\Users\Akshay Pramod Kadam\AppData\Local\Temp\jansi-2.4.0-3653ce0a964fe0a3-jansi.dll
0x00007ffd613e0000 - 0x00007ffd613f0000 	C:\Users\Akshay Pramod Kadam\Downloads\sts-4.17.2.RELEASE\plugins\org.eclipse.justj.openjdk.hotspot.jre.full.win32.x86_64_17.0.6.v20230125-1136\jre\bin\verify.dll
0x00007ffd7ceb0000 - 0x00007ffd7cedd000 	C:\WINDOWS\SYSTEM32\IPHLPAPI.DLL
0x00007ffd7fc10000 - 0x00007ffd7fc19000 	C:\WINDOWS\System32\NSI.dll
0x00007ffd769e0000 - 0x00007ffd769f9000 	C:\WINDOWS\SYSTEM32\dhcpcsvc6.DLL
0x00007ffd76970000 - 0x00007ffd7698f000 	C:\WINDOWS\SYSTEM32\dhcpcsvc.DLL
0x00007ffd7cee0000 - 0x00007ffd7cfd3000 	C:\WINDOWS\SYSTEM32\DNSAPI.dll
0x00007ffd7d3d0000 - 0x00007ffd7d404000 	C:\WINDOWS\SYSTEM32\ntmarta.dll

dbghelp: loaded successfully - version: 4.0.5 - missing functions: none
symbol engine: initialized successfully - sym options: 0x614 - pdb path: .;C:\Users\Akshay Pramod Kadam\Downloads\sts-4.17.2.RELEASE\plugins\org.eclipse.justj.openjdk.hotspot.jre.full.win32.x86_64_17.0.6.v20230125-1136\jre\bin;C:\WINDOWS\SYSTEM32;C:\WINDOWS\WinSxS\amd64_microsoft.windows.common-controls_6595b64144ccf1df_6.0.22621.1635_none_270f70857386168e;C:\Users\Akshay Pramod Kadam\Downloads\sts-4.17.2.RELEASE\plugins\org.eclipse.justj.openjdk.hotspot.jre.full.win32.x86_64_17.0.6.v20230125-1136\jre\bin\server;C:\Users\Akshay Pramod Kadam\AppData\Local\Temp

VM Arguments:
jvm_args: -Dmaven.home=EMBEDDED -Dclassworlds.conf=D:\pms-final-microservices\.metadata\.plugins\org.eclipse.m2e.launching\launches\m2conf350743838855554427.tmp -Dmaven.multiModuleProjectDirectory=C:\Users\Akshay Pramod Kadam\Desktop\pms-microservices\final-pms-microservices\g1-allergy-service -Dm2e.build.project.data.socket.port=61450 -Dfile.encoding=UTF-8 -XX:+ShowCodeDetailsInExceptionMessages 
java_command: org.codehaus.plexus.classworlds.launcher.Launcher -B -Dstyle.color=always clean install package -DskipTests -Dspring.profiles.active=local spring-boot:run
java_class_path (initial): C:\Users\Akshay Pramod Kadam\Downloads\sts-4.17.2.RELEASE\plugins\org.eclipse.m2e.maven.runtime_3.8.604.20221130-2149\jars\plexus-classworlds-2.6.0.jar
Launcher Type: SUN_STANDARD

[Global flags]
     intx CICompilerCount                          = 4                                         {product} {ergonomic}
     uint ConcGCThreads                            = 3                                         {product} {ergonomic}
     uint G1ConcRefinementThreads                  = 10                                        {product} {ergonomic}
   size_t G1HeapRegionSize                         = 1048576                                   {product} {ergonomic}
    uintx GCDrainStackTargetSize                   = 64                                        {product} {ergonomic}
   size_t InitialHeapSize                          = 98566144                                  {product} {ergonomic}
   size_t MarkStackSize                            = 4194304                                   {product} {ergonomic}
   size_t MaxHeapSize                              = 1570766848                                {product} {ergonomic}
   size_t MaxNewSize                               = 941621248                                 {product} {ergonomic}
   size_t MinHeapDeltaBytes                        = 1048576                                   {product} {ergonomic}
   size_t MinHeapSize                              = 8388608                                   {product} {ergonomic}
    uintx NonNMethodCodeHeapSize                   = 5839372                                {pd product} {ergonomic}
    uintx NonProfiledCodeHeapSize                  = 122909434                              {pd product} {ergonomic}
    uintx ProfiledCodeHeapSize                     = 122909434                              {pd product} {ergonomic}
    uintx ReservedCodeCacheSize                    = 251658240                              {pd product} {ergonomic}
     bool SegmentedCodeCache                       = true                                      {product} {ergonomic}
     bool ShowCodeDetailsInExceptionMessages       = true                                   {manageable} {command line}
   size_t SoftMaxHeapSize                          = 1570766848                             {manageable} {ergonomic}
     bool UseCompressedClassPointers               = true                           {product lp64_product} {ergonomic}
     bool UseCompressedOops                        = true                           {product lp64_product} {ergonomic}
     bool UseG1GC                                  = true                                      {product} {ergonomic}
     bool UseLargePagesIndividualAllocation        = false                                  {pd product} {ergonomic}

Logging:
Log output configuration:
 #0: stdout all=warning uptime,level,tags
 #1: stderr all=off uptime,level,tags

Environment Variables:
JAVA_HOME=C:\Program Files\Eclipse Adoptium\jdk-17.0.5.8-hotspot\
PATH=C:/Users/Akshay Pramod Kadam/Downloads/sts-4.17.2.RELEASE//plugins/org.eclipse.justj.openjdk.hotspot.jre.full.win32.x86_64_17.0.6.v20230125-1136/jre/bin/server;C:/Users/Akshay Pramod Kadam/Downloads/sts-4.17.2.RELEASE//plugins/org.eclipse.justj.openjdk.hotspot.jre.full.win32.x86_64_17.0.6.v20230125-1136/jre/bin;C:\Program Files\Eclipse Adoptium\jdk-17.0.5.8-hotspot\bin;C:\Program Files\Eclipse Adoptium\jdk-8.0.352.8-hotspot\bin;C:\Program Files\Common Files\Oracle\Java\javapath;C:\WINDOWS\system32;C:\WINDOWS;C:\crome;C:\WINDOWS\System32\Wbem;C:\WINDOWS\System32\WindowsPowerShell\v1.0\;C:\WINDOWS\System32\OpenSSH\;C:\Program Files\Java\jdk-19\bin;C:\Program Files\Git\cmd;C:\Program Files\Eclipse Adoptium\jdk-8.0.352.8-hotspot\bin;C:\Program Files\Eclipse Adoptium\jdk-17.0.5.8-hotspot\bin;C:\apache-maven-3.8.7\bin;C:\apache-maven-3.8.7;C:\Program Files\IDM Computer Solutions\UltraEdit;C:\node-v18.13.0-win-x64;C:\apache-tomcat-10.0.27-windows-x64\apache-tomcat-10.0.27;C:\Program Files\Docker\Docker\resources\bin;C:\chromedriver_win32;C:\Program Files\Amazon\AWSCLIV2\;C:\Program Files\MySQL\MySQL Shell 8.0\bin\;C:\Users\Akshay Pramod Kadam\AppData\Local\Programs\Python\Python311\Scripts\;C:\Users\Akshay Pramod Kadam\AppData\Local\Programs\Python\Python311\;C:\Users\Akshay Pramod Kadam\AppData\Local\Microsoft\WindowsApps;C:\Program Files\JetBrains\IntelliJ IDEA Community Edition 2022.3\bin;;C:\Program Files\MySQL\MySQL Server 8.0\bin;;C:\Users\Akshay Pramod Kadam\AppData\Local\Programs\Microsoft VS Code\bin;C:\Users\Akshay Pramod Kadam\Downloads\sts-4.17.2.RELEASE;
USERNAME=Akshay Pramod Kadam
OS=Windows_NT
PROCESSOR_IDENTIFIER=AMD64 Family 23 Model 104 Stepping 1, AuthenticAMD
TMP=C:\Users\AKSHAY~1\AppData\Local\Temp
TEMP=C:\Users\AKSHAY~1\AppData\Local\Temp



---------------  S Y S T E M  ---------------

OS:
 Windows 11 , 64 bit Build 22621 (10.0.22621.1635)
OS uptime: 7 days 4:13 hours
Hyper-V role detected

CPU: total 12 (initial active 12) (12 cores per cpu, 2 threads per core) family 23 model 104 stepping 1 microcode 0x0, cx8, cmov, fxsr, ht, mmx, 3dnowpref, sse, sse2, sse3, ssse3, sse4a, sse4.1, sse4.2, popcnt, lzcnt, tsc, tscinvbit, avx, avx2, aes, clmul, bmi1, bmi2, adx, sha, fma, vzeroupper, clflush, clflushopt, hv

Memory: 4k page, system-wide physical 5989M (221M free)
TotalPageFile size 24421M (AvailPageFile size 7M)
current process WorkingSet (physical memory assigned to process): 373M, peak: 373M
current process commit charge ("private bytes"): 421M, peak: 421M

vm_info: OpenJDK 64-Bit Server VM (17.0.6+10) for windows-amd64 JRE (17.0.6+10), built on Jan 18 2023 10:08:59 by "temurin" with MS VC++ 16.7 (VS2019)

END.
