2023-05-17T12:02:47.333+05:30  INFO 23984 --- [restartedMain] c.revature.pms.G1PhysicianAvailability   : Starting G1PhysicianAvailability using Java 17.0.6 with PID 23984 (C:\Users\Akshay Pramod Kadam\Desktop\pms-microservices\final-pms-microservices\G1-PhysicianAvailability\target\classes started by Akshay Pramod Kadam in C:\Users\Akshay Pramod Kadam\Desktop\pms-microservices\final-pms-microservices\G1-PhysicianAvailability)
2023-05-17T12:02:47.344+05:30  INFO 23984 --- [restartedMain] c.revature.pms.G1PhysicianAvailability   : The following 1 profile is active: "local"
2023-05-17T12:02:47.399+05:30  INFO 23984 --- [restartedMain] o.s.c.c.c.ConfigServerConfigDataLoader   : Fetching config from server at : http://localhost:9000
2023-05-17T12:02:47.400+05:30  INFO 23984 --- [restartedMain] o.s.c.c.c.ConfigServerConfigDataLoader   : Connect Timeout Exception on Url - http://localhost:9000. Will try the next url if available
2023-05-17T12:02:47.400+05:30  WARN 23984 --- [restartedMain] o.s.c.c.c.ConfigServerConfigDataLoader   : Could not locate PropertySource ([ConfigServerConfigDataResource@5c87aab5 uris = array<String>['http://localhost:9000'], optional = true, profiles = list['local']]): I/O error on GET request for "http://localhost:9000/g1-physician-availability-service/local": Connection refused: no further information
2023-05-17T12:02:47.402+05:30  INFO 23984 --- [restartedMain] .e.DevToolsPropertyDefaultsPostProcessor : For additional web related logging consider setting the 'logging.level.web' property to 'DEBUG'
2023-05-17T12:02:48.547+05:30  INFO 23984 --- [restartedMain] .s.d.r.c.RepositoryConfigurationDelegate : Bootstrapping Spring Data JPA repositories in DEFAULT mode.
2023-05-17T12:02:48.682+05:30  INFO 23984 --- [restartedMain] .s.d.r.c.RepositoryConfigurationDelegate : Finished Spring Data repository scanning in 123 ms. Found 1 JPA repository interfaces.
2023-05-17T12:02:48.971+05:30  INFO 23984 --- [restartedMain] o.s.cloud.context.scope.GenericScope     : BeanFactory id=f8844510-711a-37e5-8731-1206f6ef8527
2023-05-17T12:02:49.641+05:30  INFO 23984 --- [restartedMain] o.s.b.w.embedded.tomcat.TomcatWebServer  : Tomcat initialized with port(s): 9008 (http)
2023-05-17T12:02:49.654+05:30  INFO 23984 --- [restartedMain] o.apache.catalina.core.StandardService   : Starting service [Tomcat]
2023-05-17T12:02:49.655+05:30  INFO 23984 --- [restartedMain] o.apache.catalina.core.StandardEngine    : Starting Servlet engine: [Apache Tomcat/10.1.5]
2023-05-17T12:02:49.784+05:30  INFO 23984 --- [restartedMain] o.a.c.c.C.[Tomcat].[localhost].[/]       : Initializing Spring embedded WebApplicationContext
2023-05-17T12:02:49.785+05:30  INFO 23984 --- [restartedMain] w.s.c.ServletWebServerApplicationContext : Root WebApplicationContext: initialization completed in 2381 ms
2023-05-17T12:02:50.449+05:30  INFO 23984 --- [restartedMain] com.zaxxer.hikari.HikariDataSource       : HikariPool-1 - Starting...
2023-05-17T12:02:50.796+05:30  INFO 23984 --- [restartedMain] com.zaxxer.hikari.pool.HikariPool        : HikariPool-1 - Added connection com.mysql.cj.jdbc.ConnectionImpl@3f9dbff2
2023-05-17T12:02:50.799+05:30  INFO 23984 --- [restartedMain] com.zaxxer.hikari.HikariDataSource       : HikariPool-1 - Start completed.
2023-05-17T12:02:50.876+05:30  INFO 23984 --- [restartedMain] SQL dialect                              : HHH000400: Using dialect: org.hibernate.dialect.MySQLDialect
2023-05-17T12:02:51.783+05:30  INFO 23984 --- [restartedMain] j.LocalContainerEntityManagerFactoryBean : Initialized JPA EntityManagerFactory for persistence unit 'default'
2023-05-17T12:02:52.564+05:30  WARN 23984 --- [restartedMain] JpaBaseConfiguration$JpaWebConfiguration : spring.jpa.open-in-view is enabled by default. Therefore, database queries may be performed during view rendering. Explicitly configure spring.jpa.open-in-view to disable this warning
2023-05-17T12:02:54.157+05:30  WARN 23984 --- [restartedMain] o.s.b.d.a.OptionalLiveReloadServer       : Unable to start LiveReload server
2023-05-17T12:02:54.364+05:30  WARN 23984 --- [restartedMain] iguration$LoadBalancerCaffeineWarnLogger : Spring Cloud LoadBalancer is currently working with the default cache. While this cache implementation is useful for development and tests, it's recommended to use Caffeine cache in production.You can switch to using Caffeine cache, by adding it and org.springframework.cache.caffeine.CaffeineCacheManager to the classpath.
2023-05-17T12:02:54.372+05:30  INFO 23984 --- [restartedMain] o.s.b.a.e.web.EndpointLinksResolver      : Exposing 19 endpoint(s) beneath base path '/actuator'
2023-05-17T12:02:54.491+05:30  INFO 23984 --- [restartedMain] o.s.b.w.embedded.tomcat.TomcatWebServer  : Tomcat started on port(s): 9008 (http) with context path ''
2023-05-17T12:02:54.495+05:30  INFO 23984 --- [restartedMain] o.s.c.c.s.ConsulServiceRegistry          : Registering service with consul: NewService{id='g1-physician-availability-service-9008', name='g1-physician-availability-service', tags=[], address='White-Wolf', meta={secure=false}, port=9008, enableTagOverride=null, check=Check{script='null', dockerContainerID='null', shell='null', interval='12s', ttl='null', http='http://White-Wolf:9008/actuator/health', method='null', header={}, tcp='null', timeout='null', deregisterCriticalServiceAfter='null', tlsSkipVerify=null, status='null', grpc='null', grpcUseTLS=null}, checks=null}
2023-05-17T12:02:54.608+05:30  INFO 23984 --- [restartedMain] c.revature.pms.G1PhysicianAvailability   : Started G1PhysicianAvailability in 8.315 seconds (process running for 8.983)
2023-05-17T12:02:54.693+05:30  INFO 23984 --- [http-nio-9008-exec-1] o.a.c.c.C.[Tomcat].[localhost].[/]       : Initializing Spring DispatcherServlet 'dispatcherServlet'
2023-05-17T12:02:54.693+05:30  INFO 23984 --- [http-nio-9008-exec-1] o.s.web.servlet.DispatcherServlet        : Initializing Servlet 'dispatcherServlet'
2023-05-17T12:02:54.695+05:30  INFO 23984 --- [http-nio-9008-exec-1] o.s.web.servlet.DispatcherServlet        : Completed initialization in 2 ms
