2023-05-17T11:59:39.908+05:30  INFO 18292 --- [restartedMain] c.r.G1AppointmentServiceApplication      : Starting G1AppointmentServiceApplication using Java 17.0.6 with PID 18292 (C:\Users\Akshay Pramod Kadam\Desktop\pms-microservices\final-pms-microservices\g1-appointment-service\target\classes started by Akshay Pramod Kadam in C:\Users\Akshay Pramod Kadam\Desktop\pms-microservices\final-pms-microservices\g1-appointment-service)
2023-05-17T11:59:39.919+05:30  INFO 18292 --- [restartedMain] c.r.G1AppointmentServiceApplication      : The following 1 profile is active: "local"
2023-05-17T11:59:39.972+05:30  INFO 18292 --- [restartedMain] o.s.c.c.c.ConfigServerConfigDataLoader   : Fetching config from server at : http://localhost:9000
2023-05-17T11:59:39.973+05:30  INFO 18292 --- [restartedMain] o.s.c.c.c.ConfigServerConfigDataLoader   : Connect Timeout Exception on Url - http://localhost:9000. Will try the next url if available
2023-05-17T11:59:39.973+05:30  WARN 18292 --- [restartedMain] o.s.c.c.c.ConfigServerConfigDataLoader   : Could not locate PropertySource ([ConfigServerConfigDataResource@7fff314f uris = array<String>['http://localhost:9000'], optional = true, profiles = list['local']]): I/O error on GET request for "http://localhost:9000/g1-appointment-service/local": Connection refused: no further information
2023-05-17T11:59:39.976+05:30  INFO 18292 --- [restartedMain] .e.DevToolsPropertyDefaultsPostProcessor : For additional web related logging consider setting the 'logging.level.web' property to 'DEBUG'
2023-05-17T11:59:41.201+05:30  INFO 18292 --- [restartedMain] .s.d.r.c.RepositoryConfigurationDelegate : Bootstrapping Spring Data JPA repositories in DEFAULT mode.
2023-05-17T11:59:41.338+05:30  INFO 18292 --- [restartedMain] .s.d.r.c.RepositoryConfigurationDelegate : Finished Spring Data repository scanning in 127 ms. Found 1 JPA repository interfaces.
2023-05-17T11:59:41.603+05:30  INFO 18292 --- [restartedMain] o.s.cloud.context.scope.GenericScope     : BeanFactory id=80a6bce3-5504-305a-bd92-bd289e6e9eec
2023-05-17T11:59:42.270+05:30  INFO 18292 --- [restartedMain] o.s.b.w.embedded.tomcat.TomcatWebServer  : Tomcat initialized with port(s): 9003 (http)
2023-05-17T11:59:42.285+05:30  INFO 18292 --- [restartedMain] o.apache.catalina.core.StandardService   : Starting service [Tomcat]
2023-05-17T11:59:42.286+05:30  INFO 18292 --- [restartedMain] o.apache.catalina.core.StandardEngine    : Starting Servlet engine: [Apache Tomcat/10.1.5]
2023-05-17T11:59:42.403+05:30  INFO 18292 --- [restartedMain] o.a.c.c.C.[Tomcat].[localhost].[/]       : Initializing Spring embedded WebApplicationContext
2023-05-17T11:59:42.404+05:30  INFO 18292 --- [restartedMain] w.s.c.ServletWebServerApplicationContext : Root WebApplicationContext: initialization completed in 2427 ms
2023-05-17T11:59:43.225+05:30  INFO 18292 --- [restartedMain] com.zaxxer.hikari.HikariDataSource       : HikariPool-1 - Starting...
2023-05-17T11:59:43.543+05:30  INFO 18292 --- [restartedMain] com.zaxxer.hikari.pool.HikariPool        : HikariPool-1 - Added connection com.mysql.cj.jdbc.ConnectionImpl@9c12fc0
2023-05-17T11:59:43.546+05:30  INFO 18292 --- [restartedMain] com.zaxxer.hikari.HikariDataSource       : HikariPool-1 - Start completed.
2023-05-17T11:59:43.621+05:30  INFO 18292 --- [restartedMain] SQL dialect                              : HHH000400: Using dialect: org.hibernate.dialect.MySQLDialect
2023-05-17T11:59:44.568+05:30  INFO 18292 --- [restartedMain] j.LocalContainerEntityManagerFactoryBean : Initialized JPA EntityManagerFactory for persistence unit 'default'
2023-05-17T11:59:45.283+05:30  WARN 18292 --- [restartedMain] JpaBaseConfiguration$JpaWebConfiguration : spring.jpa.open-in-view is enabled by default. Therefore, database queries may be performed during view rendering. Explicitly configure spring.jpa.open-in-view to disable this warning
2023-05-17T11:59:46.689+05:30  WARN 18292 --- [restartedMain] o.s.b.d.a.OptionalLiveReloadServer       : Unable to start LiveReload server
2023-05-17T11:59:46.986+05:30  WARN 18292 --- [restartedMain] iguration$LoadBalancerCaffeineWarnLogger : Spring Cloud LoadBalancer is currently working with the default cache. While this cache implementation is useful for development and tests, it's recommended to use Caffeine cache in production.You can switch to using Caffeine cache, by adding it and org.springframework.cache.caffeine.CaffeineCacheManager to the classpath.
2023-05-17T11:59:46.995+05:30  INFO 18292 --- [restartedMain] o.s.b.a.e.web.EndpointLinksResolver      : Exposing 1 endpoint(s) beneath base path '/actuator'
2023-05-17T11:59:47.118+05:30  INFO 18292 --- [restartedMain] o.s.b.w.embedded.tomcat.TomcatWebServer  : Tomcat started on port(s): 9003 (http) with context path ''
2023-05-17T11:59:47.121+05:30  INFO 18292 --- [restartedMain] o.s.c.c.s.ConsulServiceRegistry          : Registering service with consul: NewService{id='g1-appointment-service-9003', name='g1-appointment-service', tags=[], address='White-Wolf', meta={secure=false}, port=9003, enableTagOverride=null, check=Check{script='null', dockerContainerID='null', shell='null', interval='12s', ttl='null', http='http://White-Wolf:9003/actuator/health', method='null', header={}, tcp='null', timeout='null', deregisterCriticalServiceAfter='null', tlsSkipVerify=null, status='null', grpc='null', grpcUseTLS=null}, checks=null}
2023-05-17T11:59:47.231+05:30  INFO 18292 --- [restartedMain] c.r.G1AppointmentServiceApplication      : Started G1AppointmentServiceApplication in 8.192 seconds (process running for 8.824)
2023-05-17T11:59:48.693+05:30  INFO 18292 --- [http-nio-9003-exec-2] o.a.c.c.C.[Tomcat].[localhost].[/]       : Initializing Spring DispatcherServlet 'dispatcherServlet'
2023-05-17T11:59:48.694+05:30  INFO 18292 --- [http-nio-9003-exec-2] o.s.web.servlet.DispatcherServlet        : Initializing Servlet 'dispatcherServlet'
2023-05-17T11:59:48.695+05:30  INFO 18292 --- [http-nio-9003-exec-2] o.s.web.servlet.DispatcherServlet        : Completed initialization in 1 ms
